[ 2016-12-03T10:54:29+08:00 ] 127.0.0.1 /Branch/index.php/Home/Back/item
INFO: [ app_init ] --START--
INFO: Run Behavior\BuildLiteBehavior [ RunTime:0.000026s ]
INFO: [ app_init ] --END-- [ RunTime:0.059478s ]
INFO: [ app_begin ] --START--
INFO: Run Behavior\ReadHtmlCacheBehavior [ RunTime:0.004194s ]
INFO: [ app_begin ] --END-- [ RunTime:0.004316s ]
SQL: SHOW COLUMNS FROM `item_info` [ RunTime:0.0387s ]
SQL: SHOW COLUMNS FROM `item_type` [ RunTime:0.0149s ]
SQL: SHOW COLUMNS FROM `sup_info` [ RunTime:0.0106s ]
SQL: SELECT * FROM `item_info`  [ RunTime:0.0119s ]
SQL: SELECT * FROM `item_type`  [ RunTime:0.0090s ]
SQL: SELECT `sup_name` FROM `sup_info` WHERE ( sup_no=1 ) LIMIT 1   [ RunTime:0.0242s ]
SQL: SELECT * FROM `sup_info`  [ RunTime:0.0006s ]
INFO: [ view_parse ] --START--
INFO: [ template_filter ] --START--
INFO: Run Behavior\ContentReplaceBehavior [ RunTime:0.001367s ]
INFO: [ template_filter ] --END-- [ RunTime:0.001477s ]
INFO: Run Behavior\ParseTemplateBehavior [ RunTime:0.072225s ]
INFO: [ view_parse ] --END-- [ RunTime:0.072318s ]
INFO: [ view_filter ] --START--
INFO: Run Behavior\WriteHtmlCacheBehavior [ RunTime:0.000764s ]
INFO: [ view_filter ] --END-- [ RunTime:0.000839s ]
INFO: [ app_end ] --START--
INFO: Run Behavior\ShowPageTraceBehavior [ RunTime:0.001682s ]
INFO: [ app_end ] --END-- [ RunTime:0.001807s ]

[ 2016-12-03T11:09:40+08:00 ] 127.0.0.1 /Branch/index.php/Home/Back/item
INFO: [ app_init ] --START--
INFO: Run Behavior\BuildLiteBehavior [ RunTime:0.000012s ]
INFO: [ app_init ] --END-- [ RunTime:0.000311s ]
INFO: [ app_begin ] --START--
INFO: Run Behavior\ReadHtmlCacheBehavior [ RunTime:0.000435s ]
INFO: [ app_begin ] --END-- [ RunTime:0.000475s ]
SQL: SHOW COLUMNS FROM `item_info` [ RunTime:0.0022s ]
SQL: SHOW COLUMNS FROM `item_type` [ RunTime:0.0020s ]
SQL: SHOW COLUMNS FROM `sup_info` [ RunTime:0.0033s ]
SQL: SELECT * FROM `item_info`  [ RunTime:0.0003s ]
SQL: SELECT * FROM `item_type`  [ RunTime:0.0001s ]
SQL: SELECT `sup_name` FROM `sup_info` WHERE ( sup_no=1 ) LIMIT 1   [ RunTime:0.0002s ]
SQL: SELECT * FROM `sup_info`  [ RunTime:0.0004s ]
INFO: [ view_parse ] --START--
INFO: [ template_filter ] --START--
INFO: Run Behavior\ContentReplaceBehavior [ RunTime:0.000125s ]
INFO: [ template_filter ] --END-- [ RunTime:0.000169s ]
INFO: Run Behavior\ParseTemplateBehavior [ RunTime:0.012048s ]
INFO: [ view_parse ] --END-- [ RunTime:0.012104s ]
INFO: [ view_filter ] --START--
INFO: Run Behavior\WriteHtmlCacheBehavior [ RunTime:0.000351s ]
INFO: [ view_filter ] --END-- [ RunTime:0.000384s ]
INFO: [ app_end ] --START--
INFO: Run Behavior\ShowPageTraceBehavior [ RunTime:0.000540s ]
INFO: [ app_end ] --END-- [ RunTime:0.000586s ]

[ 2016-12-03T11:15:48+08:00 ] 127.0.0.1 /Branch/index.php/Home/Back/item
INFO: [ app_init ] --START--
INFO: Run Behavior\BuildLiteBehavior [ RunTime:0.000012s ]
INFO: [ app_init ] --END-- [ RunTime:0.000296s ]
INFO: [ app_begin ] --START--
INFO: Run Behavior\ReadHtmlCacheBehavior [ RunTime:0.000459s ]
INFO: [ app_begin ] --END-- [ RunTime:0.000500s ]
SQL: SHOW COLUMNS FROM `item_info` [ RunTime:0.0020s ]
SQL: SHOW COLUMNS FROM `item_type` [ RunTime:0.0071s ]
SQL: SHOW COLUMNS FROM `sup_info` [ RunTime:0.0023s ]
SQL: SELECT * FROM `item_info`  [ RunTime:0.0003s ]
SQL: SELECT * FROM `item_type`  [ RunTime:0.0001s ]
SQL: SELECT `sup_name` FROM `sup_info` WHERE ( sup_no=1 ) LIMIT 1   [ RunTime:0.0003s ]
ERR: 1452:Cannot add or update a child row: a foreign key constraint fails (`myproject`.`item_info`, CONSTRAINT `item_type_foreign` FOREIGN KEY (`item_type`) REFERENCES `item_type` (`type_no`))
 [ SQL语句 ] : INSERT INTO `item_info` (`item_no`) VALUES ('441171')
ERR: 1452:Cannot add or update a child row: a foreign key constraint fails (`myproject`.`item_info`, CONSTRAINT `item_type_foreign` FOREIGN KEY (`item_type`) REFERENCES `item_type` (`type_no`))
 [ SQL语句 ] : INSERT INTO `item_info` (`item_no`) VALUES ('441171')

[ 2016-12-03T11:16:05+08:00 ] 127.0.0.1 /Branch/index.php/Home/Back/item
INFO: [ app_init ] --START--
INFO: Run Behavior\BuildLiteBehavior [ RunTime:0.000011s ]
INFO: [ app_init ] --END-- [ RunTime:0.000254s ]
INFO: [ app_begin ] --START--
INFO: Run Behavior\ReadHtmlCacheBehavior [ RunTime:0.000335s ]
INFO: [ app_begin ] --END-- [ RunTime:0.000373s ]
SQL: SHOW COLUMNS FROM `item_info` [ RunTime:0.0028s ]
SQL: SHOW COLUMNS FROM `item_type` [ RunTime:0.0021s ]
SQL: SHOW COLUMNS FROM `sup_info` [ RunTime:0.0024s ]
SQL: SELECT * FROM `item_info`  [ RunTime:0.0005s ]
SQL: SELECT * FROM `item_type`  [ RunTime:0.0010s ]
SQL: SELECT `sup_name` FROM `sup_info` WHERE ( sup_no=1 ) LIMIT 1   [ RunTime:0.0003s ]
SQL: SELECT * FROM `sup_info`  [ RunTime:0.0003s ]
INFO: [ view_parse ] --START--
INFO: [ template_filter ] --START--
INFO: Run Behavior\ContentReplaceBehavior [ RunTime:0.000171s ]
INFO: [ template_filter ] --END-- [ RunTime:0.000239s ]
NOTIC: [8] Undefined variable: item_sup D:\software\xampp\htdocs\Branch\Application\Runtime\Cache\Home\0fbe288528ddd559ca7b0e419704dd30.php 第 291 行.
INFO: Run Behavior\ParseTemplateBehavior [ RunTime:0.012469s ]
INFO: [ view_parse ] --END-- [ RunTime:0.012517s ]
INFO: [ view_filter ] --START--
INFO: Run Behavior\WriteHtmlCacheBehavior [ RunTime:0.000268s ]
INFO: [ view_filter ] --END-- [ RunTime:0.000304s ]
INFO: [ app_end ] --START--
INFO: Run Behavior\ShowPageTraceBehavior [ RunTime:0.001237s ]
INFO: [ app_end ] --END-- [ RunTime:0.001386s ]

[ 2016-12-03T11:16:12+08:00 ] 127.0.0.1 /Branch/index.php/Home/Back/item
INFO: [ app_init ] --START--
INFO: Run Behavior\BuildLiteBehavior [ RunTime:0.000011s ]
INFO: [ app_init ] --END-- [ RunTime:0.000253s ]
INFO: [ app_begin ] --START--
INFO: Run Behavior\ReadHtmlCacheBehavior [ RunTime:0.000327s ]
INFO: [ app_begin ] --END-- [ RunTime:0.000365s ]
SQL: SHOW COLUMNS FROM `item_info` [ RunTime:0.0023s ]
SQL: SHOW COLUMNS FROM `item_type` [ RunTime:0.0023s ]
SQL: SHOW COLUMNS FROM `sup_info` [ RunTime:0.0022s ]
SQL: SELECT * FROM `item_info`  [ RunTime:0.0004s ]
SQL: SELECT * FROM `item_type`  [ RunTime:0.0001s ]
SQL: SELECT `sup_name` FROM `sup_info` WHERE ( sup_no=1 ) LIMIT 1   [ RunTime:0.0001s ]
SQL: SELECT * FROM `sup_info`  [ RunTime:0.0001s ]
INFO: [ view_parse ] --START--
INFO: [ template_filter ] --START--
INFO: Run Behavior\ContentReplaceBehavior [ RunTime:0.000170s ]
INFO: [ template_filter ] --END-- [ RunTime:0.000233s ]
NOTIC: [8] Undefined variable: item_sup D:\software\xampp\htdocs\Branch\Application\Runtime\Cache\Home\0fbe288528ddd559ca7b0e419704dd30.php 第 291 行.
INFO: Run Behavior\ParseTemplateBehavior [ RunTime:0.011214s ]
INFO: [ view_parse ] --END-- [ RunTime:0.011257s ]
INFO: [ view_filter ] --START--
INFO: Run Behavior\WriteHtmlCacheBehavior [ RunTime:0.000166s ]
INFO: [ view_filter ] --END-- [ RunTime:0.000198s ]
INFO: [ app_end ] --START--
INFO: Run Behavior\ShowPageTraceBehavior [ RunTime:0.000411s ]
INFO: [ app_end ] --END-- [ RunTime:0.000449s ]

[ 2016-12-03T11:16:13+08:00 ] 127.0.0.1 /Branch/index.php/Home/Back/item
INFO: [ app_init ] --START--
INFO: Run Behavior\BuildLiteBehavior [ RunTime:0.000010s ]
INFO: [ app_init ] --END-- [ RunTime:0.000291s ]
INFO: [ app_begin ] --START--
INFO: Run Behavior\ReadHtmlCacheBehavior [ RunTime:0.000338s ]
INFO: [ app_begin ] --END-- [ RunTime:0.000376s ]
SQL: SHOW COLUMNS FROM `item_info` [ RunTime:0.0027s ]
SQL: SHOW COLUMNS FROM `item_type` [ RunTime:0.0020s ]
SQL: SHOW COLUMNS FROM `sup_info` [ RunTime:0.0020s ]
SQL: SELECT * FROM `item_info`  [ RunTime:0.0003s ]
SQL: SELECT * FROM `item_type`  [ RunTime:0.0001s ]
SQL: SELECT `sup_name` FROM `sup_info` WHERE ( sup_no=1 ) LIMIT 1   [ RunTime:0.0001s ]
SQL: SELECT * FROM `sup_info`  [ RunTime:0.0001s ]
INFO: [ view_parse ] --START--
INFO: [ template_filter ] --START--
INFO: Run Behavior\ContentReplaceBehavior [ RunTime:0.000136s ]
INFO: [ template_filter ] --END-- [ RunTime:0.000191s ]
NOTIC: [8] Undefined variable: item_sup D:\software\xampp\htdocs\Branch\Application\Runtime\Cache\Home\0fbe288528ddd559ca7b0e419704dd30.php 第 291 行.
INFO: Run Behavior\ParseTemplateBehavior [ RunTime:0.011223s ]
INFO: [ view_parse ] --END-- [ RunTime:0.011262s ]
INFO: [ view_filter ] --START--
INFO: Run Behavior\WriteHtmlCacheBehavior [ RunTime:0.000166s ]
INFO: [ view_filter ] --END-- [ RunTime:0.000197s ]
INFO: [ app_end ] --START--
INFO: Run Behavior\ShowPageTraceBehavior [ RunTime:0.000408s ]
INFO: [ app_end ] --END-- [ RunTime:0.000446s ]

[ 2016-12-03T11:17:21+08:00 ] 127.0.0.1 /Branch/index.php/Home/Back/item
INFO: [ app_init ] --START--
INFO: Run Behavior\BuildLiteBehavior [ RunTime:0.000009s ]
INFO: [ app_init ] --END-- [ RunTime:0.000252s ]
INFO: [ app_begin ] --START--
INFO: Run Behavior\ReadHtmlCacheBehavior [ RunTime:0.000335s ]
INFO: [ app_begin ] --END-- [ RunTime:0.000373s ]
SQL: SHOW COLUMNS FROM `item_info` [ RunTime:0.0019s ]
SQL: SHOW COLUMNS FROM `item_type` [ RunTime:0.0018s ]
SQL: SHOW COLUMNS FROM `sup_info` [ RunTime:0.0020s ]
SQL: SELECT * FROM `item_info`  [ RunTime:0.0004s ]
SQL: SELECT * FROM `item_type`  [ RunTime:0.0005s ]
SQL: SELECT `sup_name` FROM `sup_info` WHERE ( sup_no=1 ) LIMIT 1   [ RunTime:0.0002s ]
SQL: SELECT * FROM `sup_info`  [ RunTime:0.0002s ]
INFO: [ view_parse ] --START--
INFO: [ template_filter ] --START--
INFO: Run Behavior\ContentReplaceBehavior [ RunTime:0.000138s ]
INFO: [ template_filter ] --END-- [ RunTime:0.000181s ]
INFO: Run Behavior\ParseTemplateBehavior [ RunTime:0.010964s ]
INFO: [ view_parse ] --END-- [ RunTime:0.011011s ]
INFO: [ view_filter ] --START--
INFO: Run Behavior\WriteHtmlCacheBehavior [ RunTime:0.000163s ]
INFO: [ view_filter ] --END-- [ RunTime:0.000195s ]
INFO: [ app_end ] --START--
INFO: Run Behavior\ShowPageTraceBehavior [ RunTime:0.000404s ]
INFO: [ app_end ] --END-- [ RunTime:0.000441s ]

[ 2016-12-03T11:17:22+08:00 ] 127.0.0.1 /Branch/index.php/Home/Back/item
INFO: [ app_init ] --START--
INFO: Run Behavior\BuildLiteBehavior [ RunTime:0.000011s ]
INFO: [ app_init ] --END-- [ RunTime:0.000273s ]
INFO: [ app_begin ] --START--
INFO: Run Behavior\ReadHtmlCacheBehavior [ RunTime:0.000333s ]
INFO: [ app_begin ] --END-- [ RunTime:0.000371s ]
SQL: SHOW COLUMNS FROM `item_info` [ RunTime:0.0021s ]
SQL: SHOW COLUMNS FROM `item_type` [ RunTime:0.0023s ]
SQL: SHOW COLUMNS FROM `sup_info` [ RunTime:0.0027s ]
SQL: SELECT * FROM `item_info`  [ RunTime:0.0005s ]
SQL: SELECT * FROM `item_type`  [ RunTime:0.0003s ]
SQL: SELECT `sup_name` FROM `sup_info` WHERE ( sup_no=1 ) LIMIT 1   [ RunTime:0.0001s ]
SQL: SELECT * FROM `sup_info`  [ RunTime:0.0001s ]
INFO: [ view_parse ] --START--
INFO: [ template_filter ] --START--
INFO: Run Behavior\ContentReplaceBehavior [ RunTime:0.000126s ]
INFO: [ template_filter ] --END-- [ RunTime:0.000165s ]
INFO: Run Behavior\ParseTemplateBehavior [ RunTime:0.010673s ]
INFO: [ view_parse ] --END-- [ RunTime:0.010714s ]
INFO: [ view_filter ] --START--
INFO: Run Behavior\WriteHtmlCacheBehavior [ RunTime:0.000163s ]
INFO: [ view_filter ] --END-- [ RunTime:0.000195s ]
INFO: [ app_end ] --START--
INFO: Run Behavior\ShowPageTraceBehavior [ RunTime:0.000736s ]
INFO: [ app_end ] --END-- [ RunTime:0.000820s ]

[ 2016-12-03T11:17:42+08:00 ] 127.0.0.1 /Branch/index.php/Home/Back/item
INFO: [ app_init ] --START--
INFO: Run Behavior\BuildLiteBehavior [ RunTime:0.000013s ]
INFO: [ app_init ] --END-- [ RunTime:0.000604s ]
INFO: [ app_begin ] --START--
INFO: Run Behavior\ReadHtmlCacheBehavior [ RunTime:0.000630s ]
INFO: [ app_begin ] --END-- [ RunTime:0.000712s ]
SQL: SHOW COLUMNS FROM `item_info` [ RunTime:0.0029s ]
SQL: SHOW COLUMNS FROM `item_type` [ RunTime:0.0024s ]
SQL: SHOW COLUMNS FROM `sup_info` [ RunTime:0.0024s ]
SQL: SELECT * FROM `item_info`  [ RunTime:0.0004s ]
SQL: SELECT * FROM `item_type`  [ RunTime:0.0002s ]
SQL: SELECT `sup_name` FROM `sup_info` WHERE ( sup_no=1 ) LIMIT 1   [ RunTime:0.0001s ]
SQL: SELECT * FROM `sup_info`  [ RunTime:0.0001s ]
INFO: [ view_parse ] --START--
INFO: [ template_filter ] --START--
INFO: Run Behavior\ContentReplaceBehavior [ RunTime:0.000192s ]
INFO: [ template_filter ] --END-- [ RunTime:0.000258s ]
INFO: Run Behavior\ParseTemplateBehavior [ RunTime:0.012587s ]
INFO: [ view_parse ] --END-- [ RunTime:0.012647s ]
INFO: [ view_filter ] --START--
INFO: Run Behavior\WriteHtmlCacheBehavior [ RunTime:0.000305s ]
INFO: [ view_filter ] --END-- [ RunTime:0.000348s ]
INFO: [ app_end ] --START--
INFO: Run Behavior\ShowPageTraceBehavior [ RunTime:0.000521s ]
INFO: [ app_end ] --END-- [ RunTime:0.000576s ]

[ 2016-12-03T11:21:03+08:00 ] 127.0.0.1 /Branch/index.php/Home/Back/item
INFO: [ app_init ] --START--
INFO: Run Behavior\BuildLiteBehavior [ RunTime:0.000011s ]
INFO: [ app_init ] --END-- [ RunTime:0.000291s ]
INFO: [ app_begin ] --START--
INFO: Run Behavior\ReadHtmlCacheBehavior [ RunTime:0.000437s ]
INFO: [ app_begin ] --END-- [ RunTime:0.000475s ]
SQL: SHOW COLUMNS FROM `item_info` [ RunTime:0.0022s ]
SQL: SHOW COLUMNS FROM `item_type` [ RunTime:0.0021s ]
SQL: SHOW COLUMNS FROM `sup_info` [ RunTime:0.0021s ]
SQL: SELECT * FROM `item_info`  [ RunTime:0.0004s ]
SQL: SELECT * FROM `item_type`  [ RunTime:0.0001s ]
SQL: SELECT `sup_name` FROM `sup_info` WHERE ( sup_no=1 ) LIMIT 1   [ RunTime:0.0001s ]
SQL: SELECT * FROM `sup_info`  [ RunTime:0.0001s ]
INFO: [ view_parse ] --START--
INFO: [ template_filter ] --START--
INFO: Run Behavior\ContentReplaceBehavior [ RunTime:0.000133s ]
INFO: [ template_filter ] --END-- [ RunTime:0.000186s ]
INFO: Run Behavior\ParseTemplateBehavior [ RunTime:0.011983s ]
INFO: [ view_parse ] --END-- [ RunTime:0.012033s ]
INFO: [ view_filter ] --START--
INFO: Run Behavior\WriteHtmlCacheBehavior [ RunTime:0.000254s ]
INFO: [ view_filter ] --END-- [ RunTime:0.000295s ]
INFO: [ app_end ] --START--
INFO: Run Behavior\ShowPageTraceBehavior [ RunTime:0.000516s ]
INFO: [ app_end ] --END-- [ RunTime:0.000555s ]

[ 2016-12-03T11:21:18+08:00 ] 127.0.0.1 /Branch/index.php/Home/Back/item
INFO: [ app_init ] --START--
INFO: Run Behavior\BuildLiteBehavior [ RunTime:0.000015s ]
INFO: [ app_init ] --END-- [ RunTime:0.000369s ]
INFO: [ app_begin ] --START--
INFO: Run Behavior\ReadHtmlCacheBehavior [ RunTime:0.000476s ]
INFO: [ app_begin ] --END-- [ RunTime:0.000540s ]
SQL: SHOW COLUMNS FROM `item_info` [ RunTime:0.0025s ]
SQL: SHOW COLUMNS FROM `item_type` [ RunTime:0.0023s ]
SQL: SHOW COLUMNS FROM `sup_info` [ RunTime:0.0020s ]
SQL: SELECT * FROM `item_info`  [ RunTime:0.0006s ]
SQL: SELECT * FROM `item_type`  [ RunTime:0.0004s ]
SQL: SELECT `sup_name` FROM `sup_info` WHERE ( sup_no=1 ) LIMIT 1   [ RunTime:0.0002s ]
SQL: SELECT * FROM `sup_info`  [ RunTime:0.0004s ]
INFO: [ view_parse ] --START--
INFO: [ template_filter ] --START--
INFO: Run Behavior\ContentReplaceBehavior [ RunTime:0.000123s ]
INFO: [ template_filter ] --END-- [ RunTime:0.000174s ]
INFO: Run Behavior\ParseTemplateBehavior [ RunTime:0.011527s ]
INFO: [ view_parse ] --END-- [ RunTime:0.011581s ]
INFO: [ view_filter ] --START--
INFO: Run Behavior\WriteHtmlCacheBehavior [ RunTime:0.000171s ]
INFO: [ view_filter ] --END-- [ RunTime:0.000203s ]
INFO: [ app_end ] --START--
INFO: Run Behavior\ShowPageTraceBehavior [ RunTime:0.000427s ]
INFO: [ app_end ] --END-- [ RunTime:0.000470s ]

[ 2016-12-03T12:46:14+08:00 ] 127.0.0.1 /Branch/index.php/Home/Back/item
INFO: [ app_init ] --START--
INFO: Run Behavior\BuildLiteBehavior [ RunTime:0.000012s ]
INFO: [ app_init ] --END-- [ RunTime:0.000520s ]
INFO: [ app_begin ] --START--
INFO: Run Behavior\ReadHtmlCacheBehavior [ RunTime:0.000600s ]
INFO: [ app_begin ] --END-- [ RunTime:0.000638s ]
SQL: SHOW COLUMNS FROM `item_info` [ RunTime:0.0020s ]
SQL: SHOW COLUMNS FROM `item_type` [ RunTime:0.0022s ]
SQL: SHOW COLUMNS FROM `sup_info` [ RunTime:0.0021s ]
SQL: SELECT * FROM `item_info`  [ RunTime:0.0004s ]
SQL: SELECT * FROM `item_type`  [ RunTime:0.0001s ]
SQL: SELECT `sup_name` FROM `sup_info` WHERE ( sup_no=1 ) LIMIT 1   [ RunTime:0.0001s ]
SQL: SELECT * FROM `sup_info`  [ RunTime:0.0001s ]
INFO: [ view_parse ] --START--
INFO: [ template_filter ] --START--
INFO: Run Behavior\ContentReplaceBehavior [ RunTime:0.000135s ]
INFO: [ template_filter ] --END-- [ RunTime:0.000179s ]
INFO: Run Behavior\ParseTemplateBehavior [ RunTime:0.042860s ]
INFO: [ view_parse ] --END-- [ RunTime:0.042905s ]
INFO: [ view_filter ] --START--
INFO: Run Behavior\WriteHtmlCacheBehavior [ RunTime:0.000577s ]
INFO: [ view_filter ] --END-- [ RunTime:0.000635s ]
INFO: [ app_end ] --START--
INFO: Run Behavior\ShowPageTraceBehavior [ RunTime:0.001082s ]
INFO: [ app_end ] --END-- [ RunTime:0.001143s ]

[ 2016-12-03T12:48:14+08:00 ] 127.0.0.1 /Branch/index.php/Home/Back/item
INFO: [ app_init ] --START--
INFO: Run Behavior\BuildLiteBehavior [ RunTime:0.000012s ]
INFO: [ app_init ] --END-- [ RunTime:0.000276s ]
INFO: [ app_begin ] --START--
INFO: Run Behavior\ReadHtmlCacheBehavior [ RunTime:0.000347s ]
INFO: [ app_begin ] --END-- [ RunTime:0.000384s ]
SQL: SHOW COLUMNS FROM `item_info` [ RunTime:0.0022s ]
SQL: SHOW COLUMNS FROM `item_type` [ RunTime:0.0019s ]
SQL: SHOW COLUMNS FROM `sup_info` [ RunTime:0.0021s ]
SQL: SELECT * FROM `item_info`  [ RunTime:0.0005s ]
SQL: SELECT * FROM `item_type`  [ RunTime:0.0003s ]
SQL: SELECT `sup_name` FROM `sup_info` WHERE ( sup_no=1 ) LIMIT 1   [ RunTime:0.0003s ]
ERR: 1452:Cannot add or update a child row: a foreign key constraint fails (`myproject`.`item_info`, CONSTRAINT `item_type_foreign` FOREIGN KEY (`item_type`) REFERENCES `item_type` (`type_no`))
 [ SQL语句 ] : INSERT INTO `item_info` (`item_no`,`item_name`,`item_code`,`item_sale_price`,`item_in_price`,`item_danwei`,`item_danger_num`,`item_type`,`item_sup`,`remark`) VALUES ('0','是大法官','54452542','2.5','2.5','阿斯蒂芬','10','0','0','安抚')
ERR: 1452:Cannot add or update a child row: a foreign key constraint fails (`myproject`.`item_info`, CONSTRAINT `item_type_foreign` FOREIGN KEY (`item_type`) REFERENCES `item_type` (`type_no`))
 [ SQL语句 ] : INSERT INTO `item_info` (`item_no`,`item_name`,`item_code`,`item_sale_price`,`item_in_price`,`item_danwei`,`item_danger_num`,`item_type`,`item_sup`,`remark`) VALUES ('0','是大法官','54452542','2.5','2.5','阿斯蒂芬','10','0','0','安抚')

[ 2016-12-03T12:52:03+08:00 ] 127.0.0.1 /Branch/index.php/Home/Back/item
INFO: [ app_init ] --START--
INFO: Run Behavior\BuildLiteBehavior [ RunTime:0.000011s ]
INFO: [ app_init ] --END-- [ RunTime:0.000406s ]
INFO: [ app_begin ] --START--
INFO: Run Behavior\ReadHtmlCacheBehavior [ RunTime:0.000737s ]
INFO: [ app_begin ] --END-- [ RunTime:0.000775s ]
SQL: SHOW COLUMNS FROM `item_info` [ RunTime:0.0022s ]
SQL: SHOW COLUMNS FROM `item_type` [ RunTime:0.0022s ]
SQL: SHOW COLUMNS FROM `sup_info` [ RunTime:0.0024s ]
SQL: SELECT * FROM `item_info`  [ RunTime:0.0004s ]
SQL: SELECT * FROM `item_type`  [ RunTime:0.0002s ]
SQL: SELECT `sup_name` FROM `sup_info` WHERE ( sup_no=1 ) LIMIT 1   [ RunTime:0.0001s ]
ERR: 1054:Unknown column '矿泉水类' in 'where clause'
 [ SQL语句 ] : SELECT `type_no` FROM `item_type` WHERE ( type_name=矿泉水类 ) LIMIT 1  
ERR: 1054:Unknown column '矿泉水类' in 'where clause'
 [ SQL语句 ] : SELECT `type_no` FROM `item_type` WHERE ( type_name=矿泉水类 ) LIMIT 1  

[ 2016-12-03T12:53:16+08:00 ] 127.0.0.1 /Branch/index.php/Home/Back/item
INFO: [ app_init ] --START--
INFO: Run Behavior\BuildLiteBehavior [ RunTime:0.000064s ]
INFO: [ app_init ] --END-- [ RunTime:0.002637s ]
INFO: [ app_begin ] --START--
INFO: Run Behavior\ReadHtmlCacheBehavior [ RunTime:0.000878s ]
INFO: [ app_begin ] --END-- [ RunTime:0.000953s ]
SQL: SHOW COLUMNS FROM `item_info` [ RunTime:0.0027s ]
SQL: SHOW COLUMNS FROM `item_type` [ RunTime:0.0025s ]
SQL: SHOW COLUMNS FROM `sup_info` [ RunTime:0.0061s ]
SQL: SELECT * FROM `item_info`  [ RunTime:0.0004s ]
SQL: SELECT * FROM `item_type`  [ RunTime:0.0003s ]
SQL: SELECT `sup_name` FROM `sup_info` WHERE ( sup_no=1 ) LIMIT 1   [ RunTime:0.0004s ]
SQL: SELECT `type_no` FROM `item_type` WHERE `type_name` = '矿泉水类' LIMIT 1   [ RunTime:0.0004s ]
SQL: SELECT * FROM `sup_info`  [ RunTime:0.0003s ]
INFO: [ view_parse ] --START--
INFO: [ template_filter ] --START--
INFO: Run Behavior\ContentReplaceBehavior [ RunTime:0.000137s ]
INFO: [ template_filter ] --END-- [ RunTime:0.000192s ]
INFO: Run Behavior\ParseTemplateBehavior [ RunTime:0.015226s ]
INFO: [ view_parse ] --END-- [ RunTime:0.015300s ]
INFO: [ view_filter ] --START--
INFO: Run Behavior\WriteHtmlCacheBehavior [ RunTime:0.000991s ]
INFO: [ view_filter ] --END-- [ RunTime:0.001051s ]
INFO: [ app_end ] --START--
INFO: Run Behavior\ShowPageTraceBehavior [ RunTime:0.001195s ]
INFO: [ app_end ] --END-- [ RunTime:0.001270s ]

[ 2016-12-03T12:56:00+08:00 ] 127.0.0.1 /Branch/index.php/Home/Back/item
INFO: [ app_init ] --START--
INFO: Run Behavior\BuildLiteBehavior [ RunTime:0.000011s ]
INFO: [ app_init ] --END-- [ RunTime:0.000325s ]
INFO: [ app_begin ] --START--
INFO: Run Behavior\ReadHtmlCacheBehavior [ RunTime:0.000629s ]
INFO: [ app_begin ] --END-- [ RunTime:0.000667s ]
SQL: SHOW COLUMNS FROM `item_info` [ RunTime:0.0025s ]
SQL: SHOW COLUMNS FROM `item_type` [ RunTime:0.0020s ]
SQL: SHOW COLUMNS FROM `sup_info` [ RunTime:0.0021s ]
SQL: SELECT * FROM `item_info`  [ RunTime:0.0003s ]
SQL: SELECT * FROM `item_type`  [ RunTime:0.0001s ]
SQL: SELECT `sup_name` FROM `sup_info` WHERE ( sup_no=1 ) LIMIT 1   [ RunTime:0.0001s ]
SQL: SELECT `type_no` FROM `item_type` WHERE `type_name` = '矿泉水类' LIMIT 1   [ RunTime:0.0001s ]
SQL: SELECT `sup_no` FROM `sup_info` WHERE `sup_name` = '怡宝厂家' LIMIT 1   [ RunTime:0.0203s ]
SQL: SELECT * FROM `sup_info`  [ RunTime:0.0005s ]
INFO: [ view_parse ] --START--
INFO: [ template_filter ] --START--
INFO: Run Behavior\ContentReplaceBehavior [ RunTime:0.000129s ]
INFO: [ template_filter ] --END-- [ RunTime:0.000174s ]
INFO: Run Behavior\ParseTemplateBehavior [ RunTime:0.012815s ]
INFO: [ view_parse ] --END-- [ RunTime:0.012874s ]
INFO: [ view_filter ] --START--
INFO: Run Behavior\WriteHtmlCacheBehavior [ RunTime:0.000423s ]
INFO: [ view_filter ] --END-- [ RunTime:0.000456s ]
INFO: [ app_end ] --START--
INFO: Run Behavior\ShowPageTraceBehavior [ RunTime:0.000692s ]
INFO: [ app_end ] --END-- [ RunTime:0.000730s ]

[ 2016-12-03T12:56:06+08:00 ] 127.0.0.1 /Branch/index.php/Home/Back/item
INFO: [ app_init ] --START--
INFO: Run Behavior\BuildLiteBehavior [ RunTime:0.000019s ]
INFO: [ app_init ] --END-- [ RunTime:0.000531s ]
INFO: [ app_begin ] --START--
INFO: Run Behavior\ReadHtmlCacheBehavior [ RunTime:0.000801s ]
INFO: [ app_begin ] --END-- [ RunTime:0.000861s ]
SQL: SHOW COLUMNS FROM `item_info` [ RunTime:0.0023s ]
SQL: SHOW COLUMNS FROM `item_type` [ RunTime:0.0025s ]
SQL: SHOW COLUMNS FROM `sup_info` [ RunTime:0.0022s ]
SQL: SELECT * FROM `item_info`  [ RunTime:0.0004s ]
SQL: SELECT * FROM `item_type`  [ RunTime:0.0001s ]
SQL: SELECT `sup_name` FROM `sup_info` WHERE ( sup_no=1 ) LIMIT 1   [ RunTime:0.0001s ]
SQL: SELECT `type_no` FROM `item_type` WHERE `type_name` = '矿泉水类' LIMIT 1   [ RunTime:0.0001s ]
SQL: SELECT `sup_no` FROM `sup_info` WHERE `sup_name` = '怡宝厂家' LIMIT 1   [ RunTime:0.0001s ]
SQL: SELECT * FROM `sup_info`  [ RunTime:0.0001s ]
INFO: [ view_parse ] --START--
INFO: [ template_filter ] --START--
INFO: Run Behavior\ContentReplaceBehavior [ RunTime:0.000128s ]
INFO: [ template_filter ] --END-- [ RunTime:0.000173s ]
INFO: Run Behavior\ParseTemplateBehavior [ RunTime:0.012690s ]
INFO: [ view_parse ] --END-- [ RunTime:0.012748s ]
INFO: [ view_filter ] --START--
INFO: Run Behavior\WriteHtmlCacheBehavior [ RunTime:0.000416s ]
INFO: [ view_filter ] --END-- [ RunTime:0.000447s ]
INFO: [ app_end ] --START--
INFO: Run Behavior\ShowPageTraceBehavior [ RunTime:0.000684s ]
INFO: [ app_end ] --END-- [ RunTime:0.000723s ]

[ 2016-12-03T12:56:07+08:00 ] 127.0.0.1 /Branch/index.php/Home/Back/item
INFO: [ app_init ] --START--
INFO: Run Behavior\BuildLiteBehavior [ RunTime:0.000010s ]
INFO: [ app_init ] --END-- [ RunTime:0.000319s ]
INFO: [ app_begin ] --START--
INFO: Run Behavior\ReadHtmlCacheBehavior [ RunTime:0.000568s ]
INFO: [ app_begin ] --END-- [ RunTime:0.000604s ]
SQL: SHOW COLUMNS FROM `item_info` [ RunTime:0.0021s ]
SQL: SHOW COLUMNS FROM `item_type` [ RunTime:0.0021s ]
SQL: SHOW COLUMNS FROM `sup_info` [ RunTime:0.0025s ]
SQL: SELECT * FROM `item_info`  [ RunTime:0.0004s ]
SQL: SELECT * FROM `item_type`  [ RunTime:0.0002s ]
SQL: SELECT `sup_name` FROM `sup_info` WHERE ( sup_no=1 ) LIMIT 1   [ RunTime:0.0001s ]
SQL: SELECT `type_no` FROM `item_type` WHERE `type_name` = '矿泉水类' LIMIT 1   [ RunTime:0.0001s ]
SQL: SELECT `sup_no` FROM `sup_info` WHERE `sup_name` = '怡宝厂家' LIMIT 1   [ RunTime:0.0001s ]
SQL: SELECT * FROM `sup_info`  [ RunTime:0.0001s ]
INFO: [ view_parse ] --START--
INFO: [ template_filter ] --START--
INFO: Run Behavior\ContentReplaceBehavior [ RunTime:0.000128s ]
INFO: [ template_filter ] --END-- [ RunTime:0.000171s ]
INFO: Run Behavior\ParseTemplateBehavior [ RunTime:0.012041s ]
INFO: [ view_parse ] --END-- [ RunTime:0.012115s ]
INFO: [ view_filter ] --START--
INFO: Run Behavior\WriteHtmlCacheBehavior [ RunTime:0.000414s ]
INFO: [ view_filter ] --END-- [ RunTime:0.000446s ]
INFO: [ app_end ] --START--
INFO: Run Behavior\ShowPageTraceBehavior [ RunTime:0.000687s ]
INFO: [ app_end ] --END-- [ RunTime:0.000726s ]

[ 2016-12-03T12:56:21+08:00 ] 127.0.0.1 /Branch/index.php/Home/Back/item
INFO: [ app_init ] --START--
INFO: Run Behavior\BuildLiteBehavior [ RunTime:0.000011s ]
INFO: [ app_init ] --END-- [ RunTime:0.000319s ]
INFO: [ app_begin ] --START--
INFO: Run Behavior\ReadHtmlCacheBehavior [ RunTime:0.000627s ]
INFO: [ app_begin ] --END-- [ RunTime:0.000673s ]
SQL: SHOW COLUMNS FROM `item_info` [ RunTime:0.0023s ]
SQL: SHOW COLUMNS FROM `item_type` [ RunTime:0.0022s ]
SQL: SHOW COLUMNS FROM `sup_info` [ RunTime:0.0031s ]
SQL: SELECT * FROM `item_info`  [ RunTime:0.0004s ]
SQL: SELECT * FROM `item_type`  [ RunTime:0.0004s ]
SQL: SELECT `sup_name` FROM `sup_info` WHERE ( sup_no=1 ) LIMIT 1   [ RunTime:0.0002s ]
SQL: SELECT `type_no` FROM `item_type` WHERE `type_name` = '矿泉水类' LIMIT 1   [ RunTime:0.0001s ]
SQL: SELECT `sup_no` FROM `sup_info` WHERE `sup_name` = '怡宝厂家' LIMIT 1   [ RunTime:0.0002s ]
SQL: SELECT * FROM `sup_info`  [ RunTime:0.0003s ]
INFO: [ view_parse ] --START--
INFO: [ template_filter ] --START--
INFO: Run Behavior\ContentReplaceBehavior [ RunTime:0.000128s ]
INFO: [ template_filter ] --END-- [ RunTime:0.000173s ]
INFO: Run Behavior\ParseTemplateBehavior [ RunTime:0.012578s ]
INFO: [ view_parse ] --END-- [ RunTime:0.012628s ]
INFO: [ view_filter ] --START--
INFO: Run Behavior\WriteHtmlCacheBehavior [ RunTime:0.000425s ]
INFO: [ view_filter ] --END-- [ RunTime:0.000455s ]
INFO: [ app_end ] --START--
INFO: Run Behavior\ShowPageTraceBehavior [ RunTime:0.001495s ]
INFO: [ app_end ] --END-- [ RunTime:0.001611s ]

[ 2016-12-03T12:56:23+08:00 ] 127.0.0.1 /Branch/index.php/Home/Back/item
INFO: [ app_init ] --START--
INFO: Run Behavior\BuildLiteBehavior [ RunTime:0.000011s ]
INFO: [ app_init ] --END-- [ RunTime:0.000319s ]
INFO: [ app_begin ] --START--
INFO: Run Behavior\ReadHtmlCacheBehavior [ RunTime:0.000569s ]
INFO: [ app_begin ] --END-- [ RunTime:0.000605s ]
SQL: SHOW COLUMNS FROM `item_info` [ RunTime:0.0022s ]
SQL: SHOW COLUMNS FROM `item_type` [ RunTime:0.0023s ]
SQL: SHOW COLUMNS FROM `sup_info` [ RunTime:0.0022s ]
SQL: SELECT * FROM `item_info`  [ RunTime:0.0004s ]
SQL: SELECT * FROM `item_type`  [ RunTime:0.0001s ]
SQL: SELECT `sup_name` FROM `sup_info` WHERE ( sup_no=1 ) LIMIT 1   [ RunTime:0.0001s ]
SQL: SELECT `type_no` FROM `item_type` WHERE `type_name` = '矿泉水类' LIMIT 1   [ RunTime:0.0001s ]
SQL: SELECT `sup_no` FROM `sup_info` WHERE `sup_name` = '怡宝厂家' LIMIT 1   [ RunTime:0.0001s ]
SQL: SELECT * FROM `sup_info`  [ RunTime:0.0001s ]
INFO: [ view_parse ] --START--
INFO: [ template_filter ] --START--
INFO: Run Behavior\ContentReplaceBehavior [ RunTime:0.000161s ]
INFO: [ template_filter ] --END-- [ RunTime:0.000222s ]
INFO: Run Behavior\ParseTemplateBehavior [ RunTime:0.014107s ]
INFO: [ view_parse ] --END-- [ RunTime:0.014175s ]
INFO: [ view_filter ] --START--
INFO: Run Behavior\WriteHtmlCacheBehavior [ RunTime:0.000587s ]
INFO: [ view_filter ] --END-- [ RunTime:0.000633s ]
INFO: [ app_end ] --START--
INFO: Run Behavior\ShowPageTraceBehavior [ RunTime:0.000870s ]
INFO: [ app_end ] --END-- [ RunTime:0.000925s ]

[ 2016-12-03T12:56:24+08:00 ] 127.0.0.1 /Branch/index.php/Home/Back/item
INFO: [ app_init ] --START--
INFO: Run Behavior\BuildLiteBehavior [ RunTime:0.000011s ]
INFO: [ app_init ] --END-- [ RunTime:0.000324s ]
INFO: [ app_begin ] --START--
INFO: Run Behavior\ReadHtmlCacheBehavior [ RunTime:0.000571s ]
INFO: [ app_begin ] --END-- [ RunTime:0.000608s ]
SQL: SHOW COLUMNS FROM `item_info` [ RunTime:0.0026s ]
SQL: SHOW COLUMNS FROM `item_type` [ RunTime:0.0022s ]
SQL: SHOW COLUMNS FROM `sup_info` [ RunTime:0.0023s ]
SQL: SELECT * FROM `item_info`  [ RunTime:0.0004s ]
SQL: SELECT * FROM `item_type`  [ RunTime:0.0001s ]
SQL: SELECT `sup_name` FROM `sup_info` WHERE ( sup_no=1 ) LIMIT 1   [ RunTime:0.0001s ]
SQL: SELECT `type_no` FROM `item_type` WHERE `type_name` = '矿泉水类' LIMIT 1   [ RunTime:0.0001s ]
SQL: SELECT `sup_no` FROM `sup_info` WHERE `sup_name` = '怡宝厂家' LIMIT 1   [ RunTime:0.0001s ]
SQL: SELECT * FROM `sup_info`  [ RunTime:0.0001s ]
INFO: [ view_parse ] --START--
INFO: [ template_filter ] --START--
INFO: Run Behavior\ContentReplaceBehavior [ RunTime:0.000130s ]
INFO: [ template_filter ] --END-- [ RunTime:0.000179s ]
INFO: Run Behavior\ParseTemplateBehavior [ RunTime:0.013247s ]
INFO: [ view_parse ] --END-- [ RunTime:0.013298s ]
INFO: [ view_filter ] --START--
INFO: Run Behavior\WriteHtmlCacheBehavior [ RunTime:0.000424s ]
INFO: [ view_filter ] --END-- [ RunTime:0.000455s ]
INFO: [ app_end ] --START--
INFO: Run Behavior\ShowPageTraceBehavior [ RunTime:0.000824s ]
INFO: [ app_end ] --END-- [ RunTime:0.000877s ]

[ 2016-12-03T12:57:57+08:00 ] 127.0.0.1 /Branch/index.php/Home/Back/item
INFO: [ app_init ] --START--
INFO: Run Behavior\BuildLiteBehavior [ RunTime:0.000011s ]
INFO: [ app_init ] --END-- [ RunTime:0.000356s ]
INFO: [ app_begin ] --START--
INFO: Run Behavior\ReadHtmlCacheBehavior [ RunTime:0.000622s ]
INFO: [ app_begin ] --END-- [ RunTime:0.000660s ]
SQL: SHOW COLUMNS FROM `item_info` [ RunTime:0.0023s ]
SQL: SHOW COLUMNS FROM `item_type` [ RunTime:0.0020s ]
SQL: SHOW COLUMNS FROM `sup_info` [ RunTime:0.0021s ]
SQL: SELECT * FROM `item_info`  [ RunTime:0.0004s ]
SQL: SELECT * FROM `item_type`  [ RunTime:0.0001s ]
SQL: SELECT `sup_name` FROM `sup_info` WHERE ( sup_no=1 ) LIMIT 1   [ RunTime:0.0005s ]
SQL: SELECT `sup_no` FROM `sup_info` WHERE `sup_name` = '怡宝厂家' LIMIT 1   [ RunTime:0.0005s ]
SQL: SELECT * FROM `sup_info`  [ RunTime:0.0007s ]
INFO: [ view_parse ] --START--
INFO: [ template_filter ] --START--
INFO: Run Behavior\ContentReplaceBehavior [ RunTime:0.000128s ]
INFO: [ template_filter ] --END-- [ RunTime:0.000172s ]
INFO: Run Behavior\ParseTemplateBehavior [ RunTime:0.016366s ]
INFO: [ view_parse ] --END-- [ RunTime:0.016434s ]
INFO: [ view_filter ] --START--
INFO: Run Behavior\WriteHtmlCacheBehavior [ RunTime:0.000444s ]
INFO: [ view_filter ] --END-- [ RunTime:0.000477s ]
INFO: [ app_end ] --START--
INFO: Run Behavior\ShowPageTraceBehavior [ RunTime:0.000737s ]
INFO: [ app_end ] --END-- [ RunTime:0.000777s ]

[ 2016-12-03T12:58:46+08:00 ] 127.0.0.1 /Branch/index.php/Home/Back/item
INFO: [ app_init ] --START--
INFO: Run Behavior\BuildLiteBehavior [ RunTime:0.000011s ]
INFO: [ app_init ] --END-- [ RunTime:0.000298s ]
INFO: [ app_begin ] --START--
INFO: Run Behavior\ReadHtmlCacheBehavior [ RunTime:0.000781s ]
INFO: [ app_begin ] --END-- [ RunTime:0.000821s ]
SQL: SHOW COLUMNS FROM `item_info` [ RunTime:0.0028s ]
SQL: SHOW COLUMNS FROM `item_type` [ RunTime:0.0025s ]
SQL: SHOW COLUMNS FROM `sup_info` [ RunTime:0.0034s ]
SQL: SELECT * FROM `item_info`  [ RunTime:0.0005s ]
SQL: SELECT * FROM `item_type`  [ RunTime:0.0007s ]
SQL: SELECT `sup_name` FROM `sup_info` WHERE ( sup_no=1 ) LIMIT 1   [ RunTime:0.0004s ]
SQL: SELECT `type_no` FROM `item_type` WHERE `type_name` = '矿泉水类' LIMIT 1   [ RunTime:0.0002s ]
SQL: SELECT `sup_no` FROM `sup_info` WHERE `sup_name` = '怡宝厂家' LIMIT 1   [ RunTime:0.0001s ]
SQL: SELECT * FROM `sup_info`  [ RunTime:0.0004s ]
INFO: [ view_parse ] --START--
INFO: [ template_filter ] --START--
INFO: Run Behavior\ContentReplaceBehavior [ RunTime:0.000129s ]
INFO: [ template_filter ] --END-- [ RunTime:0.000176s ]
INFO: Run Behavior\ParseTemplateBehavior [ RunTime:0.013660s ]
INFO: [ view_parse ] --END-- [ RunTime:0.013725s ]
INFO: [ view_filter ] --START--
INFO: Run Behavior\WriteHtmlCacheBehavior [ RunTime:0.000753s ]
INFO: [ view_filter ] --END-- [ RunTime:0.000792s ]
INFO: [ app_end ] --START--
INFO: Run Behavior\ShowPageTraceBehavior [ RunTime:0.001159s ]
INFO: [ app_end ] --END-- [ RunTime:0.001255s ]

[ 2016-12-03T12:58:47+08:00 ] 127.0.0.1 /Branch/index.php/Home/Back/item
INFO: [ app_init ] --START--
INFO: Run Behavior\BuildLiteBehavior [ RunTime:0.000011s ]
INFO: [ app_init ] --END-- [ RunTime:0.000292s ]
INFO: [ app_begin ] --START--
INFO: Run Behavior\ReadHtmlCacheBehavior [ RunTime:0.000656s ]
INFO: [ app_begin ] --END-- [ RunTime:0.000709s ]
SQL: SHOW COLUMNS FROM `item_info` [ RunTime:0.0024s ]
SQL: SHOW COLUMNS FROM `item_type` [ RunTime:0.0022s ]
SQL: SHOW COLUMNS FROM `sup_info` [ RunTime:0.0034s ]
SQL: SELECT * FROM `item_info`  [ RunTime:0.0004s ]
SQL: SELECT * FROM `item_type`  [ RunTime:0.0001s ]
SQL: SELECT `sup_name` FROM `sup_info` WHERE ( sup_no=1 ) LIMIT 1   [ RunTime:0.0001s ]
SQL: SELECT `type_no` FROM `item_type` WHERE `type_name` = '矿泉水类' LIMIT 1   [ RunTime:0.0001s ]
SQL: SELECT `sup_no` FROM `sup_info` WHERE `sup_name` = '怡宝厂家' LIMIT 1   [ RunTime:0.0001s ]
SQL: SELECT * FROM `sup_info`  [ RunTime:0.0001s ]
INFO: [ view_parse ] --START--
INFO: [ template_filter ] --START--
INFO: Run Behavior\ContentReplaceBehavior [ RunTime:0.000134s ]
INFO: [ template_filter ] --END-- [ RunTime:0.000179s ]
INFO: Run Behavior\ParseTemplateBehavior [ RunTime:0.012812s ]
INFO: [ view_parse ] --END-- [ RunTime:0.012864s ]
INFO: [ view_filter ] --START--
INFO: Run Behavior\WriteHtmlCacheBehavior [ RunTime:0.000472s ]
INFO: [ view_filter ] --END-- [ RunTime:0.000504s ]
INFO: [ app_end ] --START--
INFO: Run Behavior\ShowPageTraceBehavior [ RunTime:0.000724s ]
INFO: [ app_end ] --END-- [ RunTime:0.000763s ]

[ 2016-12-03T12:58:47+08:00 ] 127.0.0.1 /Branch/index.php/Home/Back/item
INFO: [ app_init ] --START--
INFO: Run Behavior\BuildLiteBehavior [ RunTime:0.000011s ]
INFO: [ app_init ] --END-- [ RunTime:0.000289s ]
INFO: [ app_begin ] --START--
INFO: Run Behavior\ReadHtmlCacheBehavior [ RunTime:0.000596s ]
INFO: [ app_begin ] --END-- [ RunTime:0.000632s ]
SQL: SHOW COLUMNS FROM `item_info` [ RunTime:0.0025s ]
SQL: SHOW COLUMNS FROM `item_type` [ RunTime:0.0026s ]
SQL: SHOW COLUMNS FROM `sup_info` [ RunTime:0.0026s ]
SQL: SELECT * FROM `item_info`  [ RunTime:0.0004s ]
SQL: SELECT * FROM `item_type`  [ RunTime:0.0002s ]
SQL: SELECT `sup_name` FROM `sup_info` WHERE ( sup_no=1 ) LIMIT 1   [ RunTime:0.0003s ]
SQL: SELECT `type_no` FROM `item_type` WHERE `type_name` = '矿泉水类' LIMIT 1   [ RunTime:0.0003s ]
SQL: SELECT `sup_no` FROM `sup_info` WHERE `sup_name` = '怡宝厂家' LIMIT 1   [ RunTime:0.0002s ]
SQL: SELECT * FROM `sup_info`  [ RunTime:0.0002s ]
INFO: [ view_parse ] --START--
INFO: [ template_filter ] --START--
INFO: Run Behavior\ContentReplaceBehavior [ RunTime:0.000129s ]
INFO: [ template_filter ] --END-- [ RunTime:0.000174s ]
INFO: Run Behavior\ParseTemplateBehavior [ RunTime:0.012732s ]
INFO: [ view_parse ] --END-- [ RunTime:0.012777s ]
INFO: [ view_filter ] --START--
INFO: Run Behavior\WriteHtmlCacheBehavior [ RunTime:0.000447s ]
INFO: [ view_filter ] --END-- [ RunTime:0.000479s ]
INFO: [ app_end ] --START--
INFO: Run Behavior\ShowPageTraceBehavior [ RunTime:0.000727s ]
INFO: [ app_end ] --END-- [ RunTime:0.000767s ]

[ 2016-12-03T12:58:48+08:00 ] 127.0.0.1 /Branch/index.php/Home/Back/item
INFO: [ app_init ] --START--
INFO: Run Behavior\BuildLiteBehavior [ RunTime:0.000020s ]
INFO: [ app_init ] --END-- [ RunTime:0.000513s ]
INFO: [ app_begin ] --START--
INFO: Run Behavior\ReadHtmlCacheBehavior [ RunTime:0.000662s ]
INFO: [ app_begin ] --END-- [ RunTime:0.000708s ]
SQL: SHOW COLUMNS FROM `item_info` [ RunTime:0.0026s ]
SQL: SHOW COLUMNS FROM `item_type` [ RunTime:0.0026s ]
SQL: SHOW COLUMNS FROM `sup_info` [ RunTime:0.0454s ]
SQL: SELECT * FROM `item_info`  [ RunTime:0.0005s ]
SQL: SELECT * FROM `item_type`  [ RunTime:0.0001s ]
SQL: SELECT `sup_name` FROM `sup_info` WHERE ( sup_no=1 ) LIMIT 1   [ RunTime:0.0001s ]
SQL: SELECT `type_no` FROM `item_type` WHERE `type_name` = '矿泉水类' LIMIT 1   [ RunTime:0.0001s ]
SQL: SELECT `sup_no` FROM `sup_info` WHERE `sup_name` = '怡宝厂家' LIMIT 1   [ RunTime:0.0001s ]
SQL: SELECT * FROM `sup_info`  [ RunTime:0.0001s ]
INFO: [ view_parse ] --START--
INFO: [ template_filter ] --START--
INFO: Run Behavior\ContentReplaceBehavior [ RunTime:0.000227s ]
INFO: [ template_filter ] --END-- [ RunTime:0.000318s ]
INFO: Run Behavior\ParseTemplateBehavior [ RunTime:0.024515s ]
INFO: [ view_parse ] --END-- [ RunTime:0.024578s ]
INFO: [ view_filter ] --START--
INFO: Run Behavior\WriteHtmlCacheBehavior [ RunTime:0.000720s ]
INFO: [ view_filter ] --END-- [ RunTime:0.000779s ]
INFO: [ app_end ] --START--
INFO: Run Behavior\ShowPageTraceBehavior [ RunTime:0.000938s ]
INFO: [ app_end ] --END-- [ RunTime:0.001005s ]

[ 2016-12-03T12:58:48+08:00 ] 127.0.0.1 /Branch/index.php/Home/Back/item
INFO: [ app_init ] --START--
INFO: Run Behavior\BuildLiteBehavior [ RunTime:0.000014s ]
INFO: [ app_init ] --END-- [ RunTime:0.000412s ]
INFO: [ app_begin ] --START--
INFO: Run Behavior\ReadHtmlCacheBehavior [ RunTime:0.000620s ]
INFO: [ app_begin ] --END-- [ RunTime:0.000657s ]
SQL: SHOW COLUMNS FROM `item_info` [ RunTime:0.0023s ]
SQL: SHOW COLUMNS FROM `item_type` [ RunTime:0.0019s ]
SQL: SHOW COLUMNS FROM `sup_info` [ RunTime:0.0024s ]
SQL: SELECT * FROM `item_info`  [ RunTime:0.0004s ]
SQL: SELECT * FROM `item_type`  [ RunTime:0.0001s ]
SQL: SELECT `sup_name` FROM `sup_info` WHERE ( sup_no=1 ) LIMIT 1   [ RunTime:0.0001s ]
SQL: SELECT `type_no` FROM `item_type` WHERE `type_name` = '矿泉水类' LIMIT 1   [ RunTime:0.0001s ]
SQL: SELECT `sup_no` FROM `sup_info` WHERE `sup_name` = '怡宝厂家' LIMIT 1   [ RunTime:0.0001s ]
SQL: SELECT * FROM `sup_info`  [ RunTime:0.0001s ]
INFO: [ view_parse ] --START--
INFO: [ template_filter ] --START--
INFO: Run Behavior\ContentReplaceBehavior [ RunTime:0.000134s ]
INFO: [ template_filter ] --END-- [ RunTime:0.000184s ]
INFO: Run Behavior\ParseTemplateBehavior [ RunTime:0.012608s ]
INFO: [ view_parse ] --END-- [ RunTime:0.012656s ]
INFO: [ view_filter ] --START--
INFO: Run Behavior\WriteHtmlCacheBehavior [ RunTime:0.000447s ]
INFO: [ view_filter ] --END-- [ RunTime:0.000479s ]
INFO: [ app_end ] --START--
INFO: Run Behavior\ShowPageTraceBehavior [ RunTime:0.000714s ]
INFO: [ app_end ] --END-- [ RunTime:0.000753s ]

[ 2016-12-03T12:58:49+08:00 ] 127.0.0.1 /Branch/index.php/Home/Back/item
INFO: [ app_init ] --START--
INFO: Run Behavior\BuildLiteBehavior [ RunTime:0.000016s ]
INFO: [ app_init ] --END-- [ RunTime:0.000433s ]
INFO: [ app_begin ] --START--
INFO: Run Behavior\ReadHtmlCacheBehavior [ RunTime:0.000665s ]
INFO: [ app_begin ] --END-- [ RunTime:0.000716s ]
SQL: SHOW COLUMNS FROM `item_info` [ RunTime:0.0147s ]
SQL: SHOW COLUMNS FROM `item_type` [ RunTime:0.0303s ]
SQL: SHOW COLUMNS FROM `sup_info` [ RunTime:0.0027s ]
SQL: SELECT * FROM `item_info`  [ RunTime:0.0004s ]
SQL: SELECT * FROM `item_type`  [ RunTime:0.0002s ]
SQL: SELECT `sup_name` FROM `sup_info` WHERE ( sup_no=1 ) LIMIT 1   [ RunTime:0.0002s ]
SQL: SELECT `type_no` FROM `item_type` WHERE `type_name` = '矿泉水类' LIMIT 1   [ RunTime:0.0002s ]
SQL: SELECT `sup_no` FROM `sup_info` WHERE `sup_name` = '怡宝厂家' LIMIT 1   [ RunTime:0.0001s ]
SQL: SELECT * FROM `sup_info`  [ RunTime:0.0003s ]
INFO: [ view_parse ] --START--
INFO: [ template_filter ] --START--
INFO: Run Behavior\ContentReplaceBehavior [ RunTime:0.000143s ]
INFO: [ template_filter ] --END-- [ RunTime:0.000200s ]
INFO: Run Behavior\ParseTemplateBehavior [ RunTime:0.014160s ]
INFO: [ view_parse ] --END-- [ RunTime:0.014209s ]
INFO: [ view_filter ] --START--
INFO: Run Behavior\WriteHtmlCacheBehavior [ RunTime:0.000455s ]
INFO: [ view_filter ] --END-- [ RunTime:0.000489s ]
INFO: [ app_end ] --START--
INFO: Run Behavior\ShowPageTraceBehavior [ RunTime:0.000776s ]
INFO: [ app_end ] --END-- [ RunTime:0.000820s ]

[ 2016-12-03T12:59:30+08:00 ] 127.0.0.1 /Branch/index.php/Home/Back/item
INFO: [ app_init ] --START--
INFO: Run Behavior\BuildLiteBehavior [ RunTime:0.000009s ]
INFO: [ app_init ] --END-- [ RunTime:0.000285s ]
INFO: [ app_begin ] --START--
INFO: Run Behavior\ReadHtmlCacheBehavior [ RunTime:0.000874s ]
INFO: [ app_begin ] --END-- [ RunTime:0.000948s ]
SQL: SHOW COLUMNS FROM `item_info` [ RunTime:0.0029s ]
SQL: SHOW COLUMNS FROM `item_type` [ RunTime:0.0038s ]
SQL: SHOW COLUMNS FROM `sup_info` [ RunTime:0.0024s ]
SQL: SELECT * FROM `item_info`  [ RunTime:0.0004s ]
SQL: SELECT * FROM `item_type`  [ RunTime:0.0001s ]
SQL: SELECT `sup_name` FROM `sup_info` WHERE ( sup_no=1 ) LIMIT 1   [ RunTime:0.0001s ]
SQL: SELECT `type_no` FROM `item_type` WHERE `type_name` = '矿泉水类' LIMIT 1   [ RunTime:0.0001s ]
SQL: SELECT `sup_no` FROM `sup_info` WHERE `sup_name` = '怡宝厂家' LIMIT 1   [ RunTime:0.0001s ]
SQL: SELECT * FROM `sup_info`  [ RunTime:0.0001s ]
INFO: [ view_parse ] --START--
INFO: [ template_filter ] --START--
INFO: Run Behavior\ContentReplaceBehavior [ RunTime:0.000158s ]
INFO: [ template_filter ] --END-- [ RunTime:0.000218s ]
INFO: Run Behavior\ParseTemplateBehavior [ RunTime:0.012781s ]
INFO: [ view_parse ] --END-- [ RunTime:0.012830s ]
INFO: [ view_filter ] --START--
INFO: Run Behavior\WriteHtmlCacheBehavior [ RunTime:0.000420s ]
INFO: [ view_filter ] --END-- [ RunTime:0.000452s ]
INFO: [ app_end ] --START--
INFO: Run Behavior\ShowPageTraceBehavior [ RunTime:0.000680s ]
INFO: [ app_end ] --END-- [ RunTime:0.000720s ]

[ 2016-12-03T12:59:58+08:00 ] 127.0.0.1 /Branch/index.php/Home/Back/item
INFO: [ app_init ] --START--
INFO: Run Behavior\BuildLiteBehavior [ RunTime:0.000012s ]
INFO: [ app_init ] --END-- [ RunTime:0.000380s ]
INFO: [ app_begin ] --START--
INFO: Run Behavior\ReadHtmlCacheBehavior [ RunTime:0.001650s ]
INFO: [ app_begin ] --END-- [ RunTime:0.001725s ]
SQL: SHOW COLUMNS FROM `item_info` [ RunTime:0.0022s ]
SQL: SHOW COLUMNS FROM `item_type` [ RunTime:0.0022s ]
SQL: SHOW COLUMNS FROM `sup_info` [ RunTime:0.0020s ]
SQL: SELECT * FROM `item_info`  [ RunTime:0.0004s ]
SQL: SELECT * FROM `item_type`  [ RunTime:0.0001s ]
SQL: SELECT `sup_name` FROM `sup_info` WHERE ( sup_no=1 ) LIMIT 1   [ RunTime:0.0001s ]
SQL: SELECT `type_no` FROM `item_type` WHERE `type_name` = '矿泉水类' LIMIT 1   [ RunTime:0.0001s ]
SQL: SELECT `sup_no` FROM `sup_info` WHERE `sup_name` = '怡宝厂家' LIMIT 1   [ RunTime:0.0001s ]
SQL: SELECT * FROM `sup_info`  [ RunTime:0.0001s ]
INFO: [ view_parse ] --START--
INFO: [ template_filter ] --START--
INFO: Run Behavior\ContentReplaceBehavior [ RunTime:0.000128s ]
INFO: [ template_filter ] --END-- [ RunTime:0.000172s ]
INFO: Run Behavior\ParseTemplateBehavior [ RunTime:0.013660s ]
INFO: [ view_parse ] --END-- [ RunTime:0.013711s ]
INFO: [ view_filter ] --START--
INFO: Run Behavior\WriteHtmlCacheBehavior [ RunTime:0.000416s ]
INFO: [ view_filter ] --END-- [ RunTime:0.000447s ]
INFO: [ app_end ] --START--
INFO: Run Behavior\ShowPageTraceBehavior [ RunTime:0.000683s ]
INFO: [ app_end ] --END-- [ RunTime:0.000722s ]

[ 2016-12-03T13:00:15+08:00 ] 127.0.0.1 /Branch/index.php/Home/Back/item
INFO: [ app_init ] --START--
INFO: Run Behavior\BuildLiteBehavior [ RunTime:0.000011s ]
INFO: [ app_init ] --END-- [ RunTime:0.000319s ]
INFO: [ app_begin ] --START--
INFO: Run Behavior\ReadHtmlCacheBehavior [ RunTime:0.000532s ]
INFO: [ app_begin ] --END-- [ RunTime:0.000568s ]
SQL: SHOW COLUMNS FROM `item_info` [ RunTime:0.0024s ]
SQL: SHOW COLUMNS FROM `item_type` [ RunTime:0.0021s ]
SQL: SHOW COLUMNS FROM `sup_info` [ RunTime:0.0029s ]
SQL: SELECT * FROM `item_info`  [ RunTime:0.0004s ]
SQL: SELECT * FROM `item_type`  [ RunTime:0.0002s ]
SQL: SELECT `sup_name` FROM `sup_info` WHERE ( sup_no=1 ) LIMIT 1   [ RunTime:0.0199s ]
SQL: SELECT `type_no` FROM `item_type` WHERE `type_name` = '矿泉水类' LIMIT 1   [ RunTime:0.0006s ]
SQL: SELECT `sup_no` FROM `sup_info` WHERE `sup_name` = '怡宝厂家' LIMIT 1   [ RunTime:0.0003s ]
NOTIC: [8] Undefined index: item_sup D:\software\xampp\htdocs\Branch\Application\Home\Controller\BackController.class.php 第 45 行.
SQL: SELECT * FROM `sup_info`  [ RunTime:0.0003s ]
INFO: [ view_parse ] --START--
INFO: [ template_filter ] --START--
INFO: Run Behavior\ContentReplaceBehavior [ RunTime:0.000143s ]
INFO: [ template_filter ] --END-- [ RunTime:0.000201s ]
INFO: Run Behavior\ParseTemplateBehavior [ RunTime:0.014475s ]
INFO: [ view_parse ] --END-- [ RunTime:0.014532s ]
INFO: [ view_filter ] --START--
INFO: Run Behavior\WriteHtmlCacheBehavior [ RunTime:0.000453s ]
INFO: [ view_filter ] --END-- [ RunTime:0.000487s ]
INFO: [ app_end ] --START--
INFO: Run Behavior\ShowPageTraceBehavior [ RunTime:0.001170s ]
INFO: [ app_end ] --END-- [ RunTime:0.001270s ]

[ 2016-12-03T13:00:21+08:00 ] 127.0.0.1 /Branch/index.php/Home/Back/item
INFO: [ app_init ] --START--
INFO: Run Behavior\BuildLiteBehavior [ RunTime:0.000016s ]
INFO: [ app_init ] --END-- [ RunTime:0.000502s ]
INFO: [ app_begin ] --START--
INFO: Run Behavior\ReadHtmlCacheBehavior [ RunTime:0.000787s ]
INFO: [ app_begin ] --END-- [ RunTime:0.000847s ]
SQL: SHOW COLUMNS FROM `item_info` [ RunTime:0.0023s ]
SQL: SHOW COLUMNS FROM `item_type` [ RunTime:0.0022s ]
SQL: SHOW COLUMNS FROM `sup_info` [ RunTime:0.0027s ]
SQL: SELECT * FROM `item_info`  [ RunTime:0.0003s ]
SQL: SELECT * FROM `item_type`  [ RunTime:0.0001s ]
SQL: SELECT `sup_name` FROM `sup_info` WHERE ( sup_no=1 ) LIMIT 1   [ RunTime:0.0001s ]
SQL: SELECT `type_no` FROM `item_type` WHERE `type_name` = '矿泉水类' LIMIT 1   [ RunTime:0.0001s ]
SQL: SELECT `sup_no` FROM `sup_info` WHERE `sup_name` = '怡宝厂家' LIMIT 1   [ RunTime:0.0001s ]
NOTIC: [8] Undefined index: item_sup D:\software\xampp\htdocs\Branch\Application\Home\Controller\BackController.class.php 第 45 行.
SQL: SELECT * FROM `sup_info`  [ RunTime:0.0001s ]
INFO: [ view_parse ] --START--
INFO: [ template_filter ] --START--
INFO: Run Behavior\ContentReplaceBehavior [ RunTime:0.000132s ]
INFO: [ template_filter ] --END-- [ RunTime:0.000183s ]
INFO: Run Behavior\ParseTemplateBehavior [ RunTime:0.013263s ]
INFO: [ view_parse ] --END-- [ RunTime:0.013316s ]
INFO: [ view_filter ] --START--
INFO: Run Behavior\WriteHtmlCacheBehavior [ RunTime:0.000436s ]
INFO: [ view_filter ] --END-- [ RunTime:0.000468s ]
INFO: [ app_end ] --START--
INFO: Run Behavior\ShowPageTraceBehavior [ RunTime:0.000682s ]
INFO: [ app_end ] --END-- [ RunTime:0.000721s ]

[ 2016-12-03T13:00:29+08:00 ] 127.0.0.1 /Branch/index.php/Home/Back/item
INFO: [ app_init ] --START--
INFO: Run Behavior\BuildLiteBehavior [ RunTime:0.000010s ]
INFO: [ app_init ] --END-- [ RunTime:0.000321s ]
INFO: [ app_begin ] --START--
INFO: Run Behavior\ReadHtmlCacheBehavior [ RunTime:0.000551s ]
INFO: [ app_begin ] --END-- [ RunTime:0.000588s ]
SQL: SHOW COLUMNS FROM `item_info` [ RunTime:0.0024s ]
SQL: SHOW COLUMNS FROM `item_type` [ RunTime:0.0020s ]
SQL: SHOW COLUMNS FROM `sup_info` [ RunTime:0.0034s ]
SQL: SELECT * FROM `item_info`  [ RunTime:0.0004s ]
SQL: SELECT * FROM `item_type`  [ RunTime:0.0001s ]
SQL: SELECT `sup_name` FROM `sup_info` WHERE ( sup_no=1 ) LIMIT 1   [ RunTime:0.0001s ]
SQL: SELECT `type_no` FROM `item_type` WHERE `type_name` = '矿泉水类' LIMIT 1   [ RunTime:0.0001s ]
SQL: SELECT `sup_no` FROM `sup_info` WHERE `sup_name` = '怡宝厂家' LIMIT 1   [ RunTime:0.0001s ]
NOTIC: [8] Undefined index: item_sup D:\software\xampp\htdocs\Branch\Application\Home\Controller\BackController.class.php 第 45 行.
SQL: SELECT * FROM `sup_info`  [ RunTime:0.0001s ]
INFO: [ view_parse ] --START--
INFO: [ template_filter ] --START--
INFO: Run Behavior\ContentReplaceBehavior [ RunTime:0.000129s ]
INFO: [ template_filter ] --END-- [ RunTime:0.000172s ]
INFO: Run Behavior\ParseTemplateBehavior [ RunTime:0.012721s ]
INFO: [ view_parse ] --END-- [ RunTime:0.012779s ]
INFO: [ view_filter ] --START--
INFO: Run Behavior\WriteHtmlCacheBehavior [ RunTime:0.000622s ]
INFO: [ view_filter ] --END-- [ RunTime:0.000668s ]
INFO: [ app_end ] --START--
INFO: Run Behavior\ShowPageTraceBehavior [ RunTime:0.000949s ]
INFO: [ app_end ] --END-- [ RunTime:0.001012s ]

[ 2016-12-03T13:00:42+08:00 ] 127.0.0.1 /Branch/index.php/Home/Back/item
INFO: [ app_init ] --START--
INFO: Run Behavior\BuildLiteBehavior [ RunTime:0.000011s ]
INFO: [ app_init ] --END-- [ RunTime:0.000356s ]
INFO: [ app_begin ] --START--
INFO: Run Behavior\ReadHtmlCacheBehavior [ RunTime:0.000655s ]
INFO: [ app_begin ] --END-- [ RunTime:0.000694s ]
SQL: SHOW COLUMNS FROM `item_info` [ RunTime:0.0023s ]
SQL: SHOW COLUMNS FROM `item_type` [ RunTime:0.0022s ]
SQL: SHOW COLUMNS FROM `sup_info` [ RunTime:0.0027s ]
SQL: SELECT * FROM `item_info`  [ RunTime:0.0005s ]
SQL: SELECT * FROM `item_type`  [ RunTime:0.0002s ]
SQL: SELECT `sup_name` FROM `sup_info` WHERE ( sup_no=1 ) LIMIT 1   [ RunTime:0.0003s ]
SQL: SELECT `type_no` FROM `item_type` WHERE `type_name` = '矿泉水类' LIMIT 1   [ RunTime:0.0002s ]
SQL: SELECT `sup_no` FROM `sup_info` WHERE `sup_name` = '怡宝厂家' LIMIT 1   [ RunTime:0.0002s ]
SQL: SELECT * FROM `sup_info`  [ RunTime:0.0004s ]
INFO: [ view_parse ] --START--
INFO: [ template_filter ] --START--
INFO: Run Behavior\ContentReplaceBehavior [ RunTime:0.000176s ]
INFO: [ template_filter ] --END-- [ RunTime:0.000245s ]
INFO: Run Behavior\ParseTemplateBehavior [ RunTime:0.014330s ]
INFO: [ view_parse ] --END-- [ RunTime:0.014412s ]
INFO: [ view_filter ] --START--
INFO: Run Behavior\WriteHtmlCacheBehavior [ RunTime:0.000704s ]
INFO: [ view_filter ] --END-- [ RunTime:0.000754s ]
INFO: [ app_end ] --START--
INFO: Run Behavior\ShowPageTraceBehavior [ RunTime:0.001016s ]
INFO: [ app_end ] --END-- [ RunTime:0.001093s ]

[ 2016-12-03T13:02:06+08:00 ] 127.0.0.1 /Branch/index.php/Home/Back/item
INFO: [ app_init ] --START--
INFO: Run Behavior\BuildLiteBehavior [ RunTime:0.000015s ]
INFO: [ app_init ] --END-- [ RunTime:0.000371s ]
INFO: [ app_begin ] --START--
INFO: Run Behavior\ReadHtmlCacheBehavior [ RunTime:0.000618s ]
INFO: [ app_begin ] --END-- [ RunTime:0.000656s ]
SQL: SHOW COLUMNS FROM `item_info` [ RunTime:0.0026s ]
SQL: SHOW COLUMNS FROM `item_type` [ RunTime:0.0020s ]
SQL: SHOW COLUMNS FROM `sup_info` [ RunTime:0.0029s ]
SQL: SELECT * FROM `item_info`  [ RunTime:0.0006s ]
SQL: SELECT * FROM `item_type`  [ RunTime:0.0003s ]
SQL: SELECT `sup_name` FROM `sup_info` WHERE ( sup_no=1 ) LIMIT 1   [ RunTime:0.0002s ]
SQL: SELECT `type_no` FROM `item_type` WHERE `type_name` = '烟酒类' LIMIT 1   [ RunTime:0.0003s ]
SQL: INSERT INTO `item_info` (`item_no`,`item_name`,`item_code`,`item_sale_price`,`item_in_price`,`item_danwei`,`item_danger_num`,`item_type`,`item_sup`,`remark`) VALUES ('3','红双喜香烟','541491516516','30','10','条','5','2','0','吸烟有害健康') [ RunTime:0.0678s ]
SQL: SELECT * FROM `sup_info`  [ RunTime:0.0003s ]
INFO: [ view_parse ] --START--
INFO: [ template_filter ] --START--
INFO: Run Behavior\ContentReplaceBehavior [ RunTime:0.000130s ]
INFO: [ template_filter ] --END-- [ RunTime:0.000175s ]
INFO: Run Behavior\ParseTemplateBehavior [ RunTime:0.013105s ]
INFO: [ view_parse ] --END-- [ RunTime:0.013163s ]
INFO: [ view_filter ] --START--
INFO: Run Behavior\WriteHtmlCacheBehavior [ RunTime:0.000542s ]
INFO: [ view_filter ] --END-- [ RunTime:0.000667s ]
INFO: [ app_end ] --START--
INFO: Run Behavior\ShowPageTraceBehavior [ RunTime:0.000890s ]
INFO: [ app_end ] --END-- [ RunTime:0.000949s ]

[ 2016-12-03T13:02:25+08:00 ] 127.0.0.1 /Branch/index.php/Home/Back/item
INFO: [ app_init ] --START--
INFO: Run Behavior\BuildLiteBehavior [ RunTime:0.000014s ]
INFO: [ app_init ] --END-- [ RunTime:0.000490s ]
INFO: [ app_begin ] --START--
INFO: Run Behavior\ReadHtmlCacheBehavior [ RunTime:0.000645s ]
INFO: [ app_begin ] --END-- [ RunTime:0.000694s ]
SQL: SHOW COLUMNS FROM `item_info` [ RunTime:0.0022s ]
SQL: SHOW COLUMNS FROM `item_type` [ RunTime:0.0025s ]
SQL: SHOW COLUMNS FROM `sup_info` [ RunTime:0.0024s ]
SQL: SELECT * FROM `item_info`  [ RunTime:0.0004s ]
SQL: SELECT * FROM `item_type`  [ RunTime:0.0006s ]
SQL: SELECT `sup_name` FROM `sup_info` WHERE ( sup_no=1 ) LIMIT 1   [ RunTime:0.0002s ]
SQL: SELECT `type_no` FROM `item_type` WHERE `type_name` = '烟酒类' LIMIT 1   [ RunTime:0.0001s ]
ERR: 1062:Duplicate entry '3' for key 'PRIMARY'
 [ SQL语句 ] : INSERT INTO `item_info` (`item_no`,`item_name`,`item_code`,`item_sale_price`,`item_in_price`,`item_danwei`,`item_danger_num`,`item_type`,`item_sup`,`remark`) VALUES ('3','红双喜香烟','541491516516','30','10','条','5','2','0','吸烟有害健康')
ERR: 1062:Duplicate entry '3' for key 'PRIMARY'
 [ SQL语句 ] : INSERT INTO `item_info` (`item_no`,`item_name`,`item_code`,`item_sale_price`,`item_in_price`,`item_danwei`,`item_danger_num`,`item_type`,`item_sup`,`remark`) VALUES ('3','红双喜香烟','541491516516','30','10','条','5','2','0','吸烟有害健康')

[ 2016-12-03T13:02:29+08:00 ] 127.0.0.1 /Branch/index.php/Home/Back/item
INFO: [ app_init ] --START--
INFO: Run Behavior\BuildLiteBehavior [ RunTime:0.000014s ]
INFO: [ app_init ] --END-- [ RunTime:0.000423s ]
INFO: [ app_begin ] --START--
INFO: Run Behavior\ReadHtmlCacheBehavior [ RunTime:0.000730s ]
INFO: [ app_begin ] --END-- [ RunTime:0.000799s ]
SQL: SHOW COLUMNS FROM `item_info` [ RunTime:0.0118s ]
SQL: SHOW COLUMNS FROM `item_type` [ RunTime:0.0036s ]
SQL: SHOW COLUMNS FROM `sup_info` [ RunTime:0.0021s ]
SQL: SELECT * FROM `item_info`  [ RunTime:0.0005s ]
SQL: SELECT * FROM `item_type`  [ RunTime:0.0002s ]
SQL: SELECT `sup_name` FROM `sup_info` WHERE ( sup_no=1 ) LIMIT 1   [ RunTime:0.0001s ]
SQL: SELECT * FROM `sup_info`  [ RunTime:0.0002s ]
INFO: [ view_parse ] --START--
INFO: [ template_filter ] --START--
INFO: Run Behavior\ContentReplaceBehavior [ RunTime:0.000161s ]
INFO: [ template_filter ] --END-- [ RunTime:0.000242s ]
INFO: Run Behavior\ParseTemplateBehavior [ RunTime:0.015106s ]
INFO: [ view_parse ] --END-- [ RunTime:0.015159s ]
INFO: [ view_filter ] --START--
INFO: Run Behavior\WriteHtmlCacheBehavior [ RunTime:0.000410s ]
INFO: [ view_filter ] --END-- [ RunTime:0.000442s ]
INFO: [ app_end ] --START--
INFO: Run Behavior\ShowPageTraceBehavior [ RunTime:0.000824s ]
INFO: [ app_end ] --END-- [ RunTime:0.000887s ]

[ 2016-12-03T13:05:20+08:00 ] 127.0.0.1 /Branch/index.php/Home/Back/item
INFO: [ app_init ] --START--
INFO: Run Behavior\BuildLiteBehavior [ RunTime:0.000012s ]
INFO: [ app_init ] --END-- [ RunTime:0.000326s ]
INFO: [ app_begin ] --START--
INFO: Run Behavior\ReadHtmlCacheBehavior [ RunTime:0.000604s ]
INFO: [ app_begin ] --END-- [ RunTime:0.000643s ]
SQL: SHOW COLUMNS FROM `item_info` [ RunTime:0.0027s ]
SQL: SHOW COLUMNS FROM `item_type` [ RunTime:0.0021s ]
SQL: SHOW COLUMNS FROM `sup_info` [ RunTime:0.0021s ]
SQL: SELECT * FROM `item_info`  [ RunTime:0.0004s ]
SQL: SELECT * FROM `item_type`  [ RunTime:0.0001s ]
SQL: SELECT `sup_name` FROM `sup_info` WHERE ( sup_no=1 ) LIMIT 1   [ RunTime:0.0001s ]
SQL: SELECT * FROM `sup_info`  [ RunTime:0.0001s ]
INFO: [ view_parse ] --START--
INFO: [ template_filter ] --START--
INFO: Run Behavior\ContentReplaceBehavior [ RunTime:0.000139s ]
INFO: [ template_filter ] --END-- [ RunTime:0.000192s ]
INFO: Run Behavior\ParseTemplateBehavior [ RunTime:0.013926s ]
INFO: [ view_parse ] --END-- [ RunTime:0.013982s ]
INFO: [ view_filter ] --START--
INFO: Run Behavior\WriteHtmlCacheBehavior [ RunTime:0.000441s ]
INFO: [ view_filter ] --END-- [ RunTime:0.000475s ]
INFO: [ app_end ] --START--
INFO: Run Behavior\ShowPageTraceBehavior [ RunTime:0.000991s ]
INFO: [ app_end ] --END-- [ RunTime:0.001068s ]

[ 2016-12-03T13:05:44+08:00 ] 127.0.0.1 /Branch/index.php/Home/Back/item
INFO: [ app_init ] --START--
INFO: Run Behavior\BuildLiteBehavior [ RunTime:0.000013s ]
INFO: [ app_init ] --END-- [ RunTime:0.000375s ]
INFO: [ app_begin ] --START--
INFO: Run Behavior\ReadHtmlCacheBehavior [ RunTime:0.000739s ]
INFO: [ app_begin ] --END-- [ RunTime:0.000782s ]
SQL: SHOW COLUMNS FROM `item_info` [ RunTime:0.0030s ]
SQL: SHOW COLUMNS FROM `item_type` [ RunTime:0.0029s ]
SQL: SHOW COLUMNS FROM `sup_info` [ RunTime:0.0020s ]
SQL: SELECT * FROM `item_info`  [ RunTime:0.0004s ]
SQL: SELECT * FROM `item_type`  [ RunTime:0.0001s ]
SQL: SELECT `sup_name` FROM `sup_info` WHERE ( sup_no=1 ) LIMIT 1   [ RunTime:0.0001s ]
SQL: SELECT `type_no` FROM `item_type` WHERE `type_name` = '矿泉水类' LIMIT 1   [ RunTime:0.0001s ]
SQL: SELECT * FROM `sup_info`  [ RunTime:0.0001s ]
INFO: [ view_parse ] --START--
INFO: [ template_filter ] --START--
INFO: Run Behavior\ContentReplaceBehavior [ RunTime:0.000155s ]
INFO: [ template_filter ] --END-- [ RunTime:0.000221s ]
INFO: Run Behavior\ParseTemplateBehavior [ RunTime:0.013497s ]
INFO: [ view_parse ] --END-- [ RunTime:0.013557s ]
INFO: [ view_filter ] --START--
INFO: Run Behavior\WriteHtmlCacheBehavior [ RunTime:0.000679s ]
INFO: [ view_filter ] --END-- [ RunTime:0.000727s ]
INFO: [ app_end ] --START--
INFO: Run Behavior\ShowPageTraceBehavior [ RunTime:0.000699s ]
INFO: [ app_end ] --END-- [ RunTime:0.000737s ]

[ 2016-12-03T13:06:10+08:00 ] 127.0.0.1 /Branch/index.php/Home/Back/item
INFO: [ app_init ] --START--
INFO: Run Behavior\BuildLiteBehavior [ RunTime:0.000010s ]
INFO: [ app_init ] --END-- [ RunTime:0.000324s ]
INFO: [ app_begin ] --START--
INFO: Run Behavior\ReadHtmlCacheBehavior [ RunTime:0.000577s ]
INFO: [ app_begin ] --END-- [ RunTime:0.000615s ]
SQL: SHOW COLUMNS FROM `item_info` [ RunTime:0.0021s ]
SQL: SHOW COLUMNS FROM `item_type` [ RunTime:0.0020s ]
SQL: SHOW COLUMNS FROM `sup_info` [ RunTime:0.0022s ]
SQL: SELECT * FROM `item_info`  [ RunTime:0.0004s ]
SQL: SELECT * FROM `item_type`  [ RunTime:0.0001s ]
SQL: SELECT `sup_name` FROM `sup_info` WHERE ( sup_no=1 ) LIMIT 1   [ RunTime:0.0001s ]
SQL: SELECT `type_no` FROM `item_type` WHERE `type_name` = '矿泉水类' LIMIT 1   [ RunTime:0.0001s ]
SQL: INSERT INTO `item_info` (`item_no`,`item_name`,`item_code`,`item_sale_price`,`item_in_price`,`item_danwei`,`item_danger_num`,`item_type`,`item_sup`,`remark`) VALUES ('3','红双喜香烟','541491516516','30','10','条','5','1','0','吸烟有害健康') [ RunTime:0.0738s ]
INFO: [ view_parse ] --START--
INFO: [ template_filter ] --START--
INFO: Run Behavior\ContentReplaceBehavior [ RunTime:0.000239s ]
INFO: [ template_filter ] --END-- [ RunTime:0.000330s ]
NOTIC: [8] Undefined variable: type D:\software\xampp\htdocs\Branch\Application\Runtime\Cache\Home\0fbe288528ddd559ca7b0e419704dd30.php 第 91 行.
NOTIC: [8] Undefined variable: item D:\software\xampp\htdocs\Branch\Application\Runtime\Cache\Home\0fbe288528ddd559ca7b0e419704dd30.php 第 115 行.
NOTIC: [8] Undefined variable: type D:\software\xampp\htdocs\Branch\Application\Runtime\Cache\Home\0fbe288528ddd559ca7b0e419704dd30.php 第 285 行.
NOTIC: [8] Undefined variable: sup D:\software\xampp\htdocs\Branch\Application\Runtime\Cache\Home\0fbe288528ddd559ca7b0e419704dd30.php 第 291 行.
INFO: Run Behavior\ParseTemplateBehavior [ RunTime:0.012899s ]
INFO: [ view_parse ] --END-- [ RunTime:0.012944s ]
INFO: [ view_filter ] --START--
INFO: Run Behavior\WriteHtmlCacheBehavior [ RunTime:0.000417s ]
INFO: [ view_filter ] --END-- [ RunTime:0.000449s ]
SQL: SELECT * FROM `sup_info`  [ RunTime:0.0004s ]
INFO: [ view_parse ] --START--
INFO: [ template_filter ] --START--
INFO: Run Behavior\ContentReplaceBehavior [ RunTime:0.000145s ]
INFO: [ template_filter ] --END-- [ RunTime:-0.011689s ]
INFO: Run Behavior\ParseTemplateBehavior [ RunTime:0.010115s ]
INFO: [ view_parse ] --END-- [ RunTime:-0.001640s ]
INFO: [ view_filter ] --START--
INFO: Run Behavior\WriteHtmlCacheBehavior [ RunTime:0.000012s ]
INFO: [ view_filter ] --END-- [ RunTime:-0.011361s ]
NOTIC: [2] Cannot modify header information - headers already sent by (output started at D:\software\xampp\htdocs\Branch\ThinkPHP\Library\Think\View.class.php:95) D:\software\xampp\htdocs\Branch\ThinkPHP\Library\Think\View.class.php 第 91 行.
NOTIC: [2] Cannot modify header information - headers already sent by (output started at D:\software\xampp\htdocs\Branch\ThinkPHP\Library\Think\View.class.php:95) D:\software\xampp\htdocs\Branch\ThinkPHP\Library\Think\View.class.php 第 92 行.
NOTIC: [2] Cannot modify header information - headers already sent by (output started at D:\software\xampp\htdocs\Branch\ThinkPHP\Library\Think\View.class.php:95) D:\software\xampp\htdocs\Branch\ThinkPHP\Library\Think\View.class.php 第 93 行.
INFO: [ app_end ] --START--
INFO: Run Behavior\ShowPageTraceBehavior [ RunTime:0.000829s ]
INFO: [ app_end ] --END-- [ RunTime:0.000876s ]

[ 2016-12-03T13:06:25+08:00 ] 127.0.0.1 /Branch/index.php/Home/Back/item
INFO: [ app_init ] --START--
INFO: Run Behavior\BuildLiteBehavior [ RunTime:0.000011s ]
INFO: [ app_init ] --END-- [ RunTime:0.000323s ]
INFO: [ app_begin ] --START--
INFO: Run Behavior\ReadHtmlCacheBehavior [ RunTime:0.000597s ]
INFO: [ app_begin ] --END-- [ RunTime:0.000634s ]
SQL: SHOW COLUMNS FROM `item_info` [ RunTime:0.0020s ]
SQL: SHOW COLUMNS FROM `item_type` [ RunTime:0.0022s ]
SQL: SHOW COLUMNS FROM `sup_info` [ RunTime:0.0033s ]
SQL: SELECT * FROM `item_info`  [ RunTime:0.0004s ]
SQL: SELECT * FROM `item_type`  [ RunTime:0.0002s ]
SQL: SELECT `sup_name` FROM `sup_info` WHERE ( sup_no=1 ) LIMIT 1   [ RunTime:0.0004s ]
SQL: SELECT `type_no` FROM `item_type` WHERE `type_name` = '矿泉水类' LIMIT 1   [ RunTime:0.0001s ]
ERR: 1062:Duplicate entry '3' for key 'PRIMARY'
 [ SQL语句 ] : INSERT INTO `item_info` (`item_no`,`item_name`,`item_code`,`item_sale_price`,`item_in_price`,`item_danwei`,`item_danger_num`,`item_type`,`item_sup`,`remark`) VALUES ('3','红双喜香烟','541491516516','30','10','条','5','1','0','吸烟有害健康')
ERR: 1062:Duplicate entry '3' for key 'PRIMARY'
 [ SQL语句 ] : INSERT INTO `item_info` (`item_no`,`item_name`,`item_code`,`item_sale_price`,`item_in_price`,`item_danwei`,`item_danger_num`,`item_type`,`item_sup`,`remark`) VALUES ('3','红双喜香烟','541491516516','30','10','条','5','1','0','吸烟有害健康')

[ 2016-12-03T13:06:29+08:00 ] 127.0.0.1 /Branch/index.php/Home/Back/item
INFO: [ app_init ] --START--
INFO: Run Behavior\BuildLiteBehavior [ RunTime:0.000022s ]
INFO: [ app_init ] --END-- [ RunTime:0.000710s ]
INFO: [ app_begin ] --START--
INFO: Run Behavior\ReadHtmlCacheBehavior [ RunTime:0.001458s ]
INFO: [ app_begin ] --END-- [ RunTime:0.001557s ]
SQL: SHOW COLUMNS FROM `item_info` [ RunTime:0.0193s ]
SQL: SHOW COLUMNS FROM `item_type` [ RunTime:0.0022s ]
SQL: SHOW COLUMNS FROM `sup_info` [ RunTime:0.0025s ]
SQL: SELECT * FROM `item_info`  [ RunTime:0.0008s ]
SQL: SELECT * FROM `item_type`  [ RunTime:0.0004s ]
SQL: SELECT `sup_name` FROM `sup_info` WHERE ( sup_no=1 ) LIMIT 1   [ RunTime:0.0004s ]
SQL: SELECT * FROM `sup_info`  [ RunTime:0.0002s ]
INFO: [ view_parse ] --START--
INFO: [ template_filter ] --START--
INFO: Run Behavior\ContentReplaceBehavior [ RunTime:0.000173s ]
INFO: [ template_filter ] --END-- [ RunTime:0.000250s ]
INFO: Run Behavior\ParseTemplateBehavior [ RunTime:0.016020s ]
INFO: [ view_parse ] --END-- [ RunTime:0.016084s ]
INFO: [ view_filter ] --START--
INFO: Run Behavior\WriteHtmlCacheBehavior [ RunTime:0.000472s ]
INFO: [ view_filter ] --END-- [ RunTime:0.000504s ]
INFO: [ app_end ] --START--
INFO: Run Behavior\ShowPageTraceBehavior [ RunTime:0.000935s ]
INFO: [ app_end ] --END-- [ RunTime:0.001003s ]

[ 2016-12-03T13:08:09+08:00 ] 127.0.0.1 /Branch/index.php/Home/Back/item
INFO: [ app_init ] --START--
INFO: Run Behavior\BuildLiteBehavior [ RunTime:0.000011s ]
INFO: [ app_init ] --END-- [ RunTime:0.000448s ]
INFO: [ app_begin ] --START--
INFO: Run Behavior\ReadHtmlCacheBehavior [ RunTime:0.001097s ]
INFO: [ app_begin ] --END-- [ RunTime:0.001136s ]
SQL: SHOW COLUMNS FROM `item_info` [ RunTime:0.0022s ]
SQL: SHOW COLUMNS FROM `item_type` [ RunTime:0.0034s ]
SQL: SHOW COLUMNS FROM `sup_info` [ RunTime:0.0027s ]
SQL: SELECT * FROM `item_info`  [ RunTime:0.0004s ]
SQL: SELECT * FROM `item_type`  [ RunTime:0.0002s ]
SQL: SELECT `sup_name` FROM `sup_info` WHERE ( sup_no=1 ) LIMIT 1   [ RunTime:0.0004s ]
SQL: SELECT * FROM `sup_info`  [ RunTime:0.0002s ]
INFO: [ view_parse ] --START--
INFO: [ template_filter ] --START--
INFO: Run Behavior\ContentReplaceBehavior [ RunTime:0.000134s ]
INFO: [ template_filter ] --END-- [ RunTime:0.000186s ]
INFO: Run Behavior\ParseTemplateBehavior [ RunTime:0.013694s ]
INFO: [ view_parse ] --END-- [ RunTime:0.013746s ]
INFO: [ view_filter ] --START--
INFO: Run Behavior\WriteHtmlCacheBehavior [ RunTime:0.000710s ]
INFO: [ view_filter ] --END-- [ RunTime:0.000744s ]
INFO: [ app_end ] --START--
INFO: Run Behavior\ShowPageTraceBehavior [ RunTime:0.001220s ]
INFO: [ app_end ] --END-- [ RunTime:0.001276s ]

[ 2016-12-03T13:08:21+08:00 ] 127.0.0.1 /Branch/index.php/Home/Back/item
INFO: [ app_init ] --START--
INFO: Run Behavior\BuildLiteBehavior [ RunTime:0.000011s ]
INFO: [ app_init ] --END-- [ RunTime:0.000388s ]
INFO: [ app_begin ] --START--
INFO: Run Behavior\ReadHtmlCacheBehavior [ RunTime:0.000851s ]
INFO: [ app_begin ] --END-- [ RunTime:0.000888s ]
SQL: SHOW COLUMNS FROM `item_info` [ RunTime:0.0022s ]
SQL: SHOW COLUMNS FROM `item_type` [ RunTime:0.0022s ]
SQL: SHOW COLUMNS FROM `sup_info` [ RunTime:0.0047s ]
SQL: SELECT * FROM `item_info`  [ RunTime:0.0004s ]
SQL: SELECT * FROM `item_type`  [ RunTime:0.0002s ]
SQL: SELECT `sup_name` FROM `sup_info` WHERE ( sup_no=1 ) LIMIT 1   [ RunTime:0.0001s ]
SQL: SELECT `type_no` FROM `item_type` WHERE `type_name` = '矿泉水类' LIMIT 1   [ RunTime:0.0001s ]
SQL: INSERT INTO `item_info` (`item_no`,`item_name`,`item_code`,`item_sale_price`,`item_in_price`,`item_danwei`,`item_danger_num`,`item_type`,`item_sup`,`remark`) VALUES ('3','红双喜香烟','541491516516','30','10','条','5','1',NULL,'') [ RunTime:0.0599s ]
SQL: SELECT * FROM `sup_info`  [ RunTime:0.0004s ]
INFO: [ view_parse ] --START--
INFO: [ template_filter ] --START--
INFO: Run Behavior\ContentReplaceBehavior [ RunTime:0.000133s ]
INFO: [ template_filter ] --END-- [ RunTime:0.000178s ]
INFO: Run Behavior\ParseTemplateBehavior [ RunTime:0.016309s ]
INFO: [ view_parse ] --END-- [ RunTime:0.016362s ]
INFO: [ view_filter ] --START--
INFO: Run Behavior\WriteHtmlCacheBehavior [ RunTime:0.000841s ]
INFO: [ view_filter ] --END-- [ RunTime:0.000876s ]
INFO: [ app_end ] --START--
INFO: Run Behavior\ShowPageTraceBehavior [ RunTime:0.001816s ]
INFO: [ app_end ] --END-- [ RunTime:0.001938s ]

[ 2016-12-03T13:09:13+08:00 ] 127.0.0.1 /Branch/index.php/Home/Back/item
INFO: [ app_init ] --START--
INFO: Run Behavior\BuildLiteBehavior [ RunTime:0.000013s ]
INFO: [ app_init ] --END-- [ RunTime:0.000419s ]
INFO: [ app_begin ] --START--
INFO: Run Behavior\ReadHtmlCacheBehavior [ RunTime:0.001030s ]
INFO: [ app_begin ] --END-- [ RunTime:0.001080s ]
SQL: SHOW COLUMNS FROM `item_info` [ RunTime:0.0047s ]
SQL: SHOW COLUMNS FROM `item_type` [ RunTime:0.0031s ]
SQL: SHOW COLUMNS FROM `sup_info` [ RunTime:0.0020s ]
SQL: SELECT * FROM `item_info`  [ RunTime:0.0005s ]
SQL: SELECT * FROM `item_type`  [ RunTime:0.0001s ]
SQL: SELECT `sup_name` FROM `sup_info` WHERE ( sup_no=1 ) LIMIT 1   [ RunTime:0.0001s ]
SQL: SELECT * FROM `sup_info`  [ RunTime:0.0002s ]
INFO: [ view_parse ] --START--
INFO: [ template_filter ] --START--
INFO: Run Behavior\ContentReplaceBehavior [ RunTime:0.000155s ]
INFO: [ template_filter ] --END-- [ RunTime:0.000227s ]
INFO: Run Behavior\ParseTemplateBehavior [ RunTime:0.015334s ]
INFO: [ view_parse ] --END-- [ RunTime:0.015409s ]
INFO: [ view_filter ] --START--
INFO: Run Behavior\WriteHtmlCacheBehavior [ RunTime:0.001107s ]
INFO: [ view_filter ] --END-- [ RunTime:0.001157s ]
INFO: [ app_end ] --START--
INFO: Run Behavior\ShowPageTraceBehavior [ RunTime:0.001500s ]
INFO: [ app_end ] --END-- [ RunTime:0.001578s ]

[ 2016-12-03T13:31:54+08:00 ] 127.0.0.1 /Branch/index.php/Home/Back/item/id/1.html
INFO: [ app_init ] --START--
INFO: Run Behavior\BuildLiteBehavior [ RunTime:0.000012s ]
INFO: [ app_init ] --END-- [ RunTime:0.000350s ]
INFO: [ app_begin ] --START--
INFO: Run Behavior\ReadHtmlCacheBehavior [ RunTime:0.000755s ]
INFO: [ app_begin ] --END-- [ RunTime:0.000802s ]
SQL: SHOW COLUMNS FROM `item_info` [ RunTime:0.0022s ]
SQL: SHOW COLUMNS FROM `item_type` [ RunTime:0.0021s ]
SQL: SHOW COLUMNS FROM `sup_info` [ RunTime:0.0022s ]
SQL: SELECT * FROM `item_info` WHERE ( item_type=1 )  [ RunTime:0.0005s ]
SQL: SELECT * FROM `item_type`  [ RunTime:0.0002s ]
SQL: SELECT `sup_name` FROM `sup_info` WHERE ( sup_no=1 ) LIMIT 1   [ RunTime:0.0001s ]
SQL: SELECT * FROM `sup_info`  [ RunTime:0.0001s ]
INFO: [ view_parse ] --START--
INFO: [ template_filter ] --START--
INFO: Run Behavior\ContentReplaceBehavior [ RunTime:0.000128s ]
INFO: [ template_filter ] --END-- [ RunTime:0.000172s ]
INFO: Run Behavior\ParseTemplateBehavior [ RunTime:0.013772s ]
INFO: [ view_parse ] --END-- [ RunTime:0.013824s ]
INFO: [ view_filter ] --START--
INFO: Run Behavior\WriteHtmlCacheBehavior [ RunTime:0.000325s ]
INFO: [ view_filter ] --END-- [ RunTime:0.000358s ]
INFO: [ app_end ] --START--
INFO: Run Behavior\ShowPageTraceBehavior [ RunTime:0.000612s ]
INFO: [ app_end ] --END-- [ RunTime:0.000654s ]

[ 2016-12-03T13:31:54+08:00 ] 127.0.0.1 /Branch/index.php/Home/Back/item/id/2.html
INFO: [ app_init ] --START--
INFO: Run Behavior\BuildLiteBehavior [ RunTime:0.000014s ]
INFO: [ app_init ] --END-- [ RunTime:0.000427s ]
INFO: [ app_begin ] --START--
INFO: Run Behavior\ReadHtmlCacheBehavior [ RunTime:0.000692s ]
INFO: [ app_begin ] --END-- [ RunTime:0.000755s ]
SQL: SHOW COLUMNS FROM `item_info` [ RunTime:0.0024s ]
SQL: SHOW COLUMNS FROM `item_type` [ RunTime:0.0026s ]
SQL: SHOW COLUMNS FROM `sup_info` [ RunTime:0.0021s ]
SQL: SELECT * FROM `item_info` WHERE ( item_type=2 )  [ RunTime:0.0005s ]
SQL: SELECT * FROM `item_type`  [ RunTime:0.0002s ]
SQL: SELECT * FROM `sup_info`  [ RunTime:0.0001s ]
INFO: [ view_parse ] --START--
INFO: [ template_filter ] --START--
INFO: Run Behavior\ContentReplaceBehavior [ RunTime:0.000134s ]
INFO: [ template_filter ] --END-- [ RunTime:0.000187s ]
INFO: Run Behavior\ParseTemplateBehavior [ RunTime:0.013895s ]
INFO: [ view_parse ] --END-- [ RunTime:0.013949s ]
INFO: [ view_filter ] --START--
INFO: Run Behavior\WriteHtmlCacheBehavior [ RunTime:0.000327s ]
INFO: [ view_filter ] --END-- [ RunTime:0.000358s ]
INFO: [ app_end ] --START--
INFO: Run Behavior\ShowPageTraceBehavior [ RunTime:0.000588s ]
INFO: [ app_end ] --END-- [ RunTime:0.000626s ]

[ 2016-12-03T13:31:55+08:00 ] 127.0.0.1 /Branch/index.php/Home/Back/item/id/3.html
INFO: [ app_init ] --START--
INFO: Run Behavior\BuildLiteBehavior [ RunTime:0.000011s ]
INFO: [ app_init ] --END-- [ RunTime:0.000323s ]
INFO: [ app_begin ] --START--
INFO: Run Behavior\ReadHtmlCacheBehavior [ RunTime:0.000604s ]
INFO: [ app_begin ] --END-- [ RunTime:0.000654s ]
SQL: SHOW COLUMNS FROM `item_info` [ RunTime:0.0049s ]
SQL: SHOW COLUMNS FROM `item_type` [ RunTime:0.0023s ]
SQL: SHOW COLUMNS FROM `sup_info` [ RunTime:0.0026s ]
SQL: SELECT * FROM `item_info` WHERE ( item_type=3 )  [ RunTime:0.0007s ]
SQL: SELECT * FROM `item_type`  [ RunTime:0.0009s ]
SQL: SELECT * FROM `sup_info`  [ RunTime:0.0003s ]
INFO: [ view_parse ] --START--
INFO: [ template_filter ] --START--
INFO: Run Behavior\ContentReplaceBehavior [ RunTime:0.000132s ]
INFO: [ template_filter ] --END-- [ RunTime:0.000174s ]
INFO: Run Behavior\ParseTemplateBehavior [ RunTime:0.012539s ]
INFO: [ view_parse ] --END-- [ RunTime:0.012592s ]
INFO: [ view_filter ] --START--
INFO: Run Behavior\WriteHtmlCacheBehavior [ RunTime:0.000326s ]
INFO: [ view_filter ] --END-- [ RunTime:0.000358s ]
INFO: [ app_end ] --START--
INFO: Run Behavior\ShowPageTraceBehavior [ RunTime:0.002279s ]
INFO: [ app_end ] --END-- [ RunTime:0.002338s ]

[ 2016-12-03T13:31:56+08:00 ] 127.0.0.1 /Branch/index.php/Home/Back/item/id/2.html
INFO: [ app_init ] --START--
INFO: Run Behavior\BuildLiteBehavior [ RunTime:0.000010s ]
INFO: [ app_init ] --END-- [ RunTime:0.000321s ]
INFO: [ app_begin ] --START--
INFO: Run Behavior\ReadHtmlCacheBehavior [ RunTime:0.000673s ]
INFO: [ app_begin ] --END-- [ RunTime:0.000738s ]
SQL: SHOW COLUMNS FROM `item_info` [ RunTime:0.0020s ]
SQL: SHOW COLUMNS FROM `item_type` [ RunTime:0.0029s ]
SQL: SHOW COLUMNS FROM `sup_info` [ RunTime:0.0021s ]
SQL: SELECT * FROM `item_info` WHERE ( item_type=2 )  [ RunTime:0.0005s ]
SQL: SELECT * FROM `item_type`  [ RunTime:0.0002s ]
SQL: SELECT * FROM `sup_info`  [ RunTime:0.0001s ]
INFO: [ view_parse ] --START--
INFO: [ template_filter ] --START--
INFO: Run Behavior\ContentReplaceBehavior [ RunTime:0.000148s ]
INFO: [ template_filter ] --END-- [ RunTime:0.000213s ]
INFO: Run Behavior\ParseTemplateBehavior [ RunTime:0.012952s ]
INFO: [ view_parse ] --END-- [ RunTime:0.013002s ]
INFO: [ view_filter ] --START--
INFO: Run Behavior\WriteHtmlCacheBehavior [ RunTime:0.000329s ]
INFO: [ view_filter ] --END-- [ RunTime:0.000360s ]
INFO: [ app_end ] --START--
INFO: Run Behavior\ShowPageTraceBehavior [ RunTime:0.000575s ]
INFO: [ app_end ] --END-- [ RunTime:0.000617s ]

[ 2016-12-03T13:31:57+08:00 ] 127.0.0.1 /Branch/index.php/Home/Back/item.html
INFO: [ app_init ] --START--
INFO: Run Behavior\BuildLiteBehavior [ RunTime:0.000023s ]
INFO: [ app_init ] --END-- [ RunTime:0.000636s ]
INFO: [ app_begin ] --START--
INFO: Run Behavior\ReadHtmlCacheBehavior [ RunTime:0.000746s ]
INFO: [ app_begin ] --END-- [ RunTime:0.000822s ]
SQL: SHOW COLUMNS FROM `item_info` [ RunTime:0.0220s ]
SQL: SHOW COLUMNS FROM `item_type` [ RunTime:0.0316s ]
SQL: SHOW COLUMNS FROM `sup_info` [ RunTime:0.0024s ]
SQL: SELECT * FROM `item_info`  [ RunTime:0.0003s ]
SQL: SELECT * FROM `item_type`  [ RunTime:0.0001s ]
SQL: SELECT `sup_name` FROM `sup_info` WHERE ( sup_no=1 ) LIMIT 1   [ RunTime:0.0001s ]
SQL: SELECT * FROM `sup_info`  [ RunTime:0.0002s ]
INFO: [ view_parse ] --START--
INFO: [ template_filter ] --START--
INFO: Run Behavior\ContentReplaceBehavior [ RunTime:0.000144s ]
INFO: [ template_filter ] --END-- [ RunTime:0.000203s ]
INFO: Run Behavior\ParseTemplateBehavior [ RunTime:0.013598s ]
INFO: [ view_parse ] --END-- [ RunTime:0.013641s ]
INFO: [ view_filter ] --START--
INFO: Run Behavior\WriteHtmlCacheBehavior [ RunTime:0.000328s ]
INFO: [ view_filter ] --END-- [ RunTime:0.000359s ]
INFO: [ app_end ] --START--
INFO: Run Behavior\ShowPageTraceBehavior [ RunTime:0.000590s ]
INFO: [ app_end ] --END-- [ RunTime:0.000629s ]

[ 2016-12-03T13:32:09+08:00 ] 127.0.0.1 /Branch/index.php/Home/Back/item/id/2.html
INFO: [ app_init ] --START--
INFO: Run Behavior\BuildLiteBehavior [ RunTime:0.000018s ]
INFO: [ app_init ] --END-- [ RunTime:0.000812s ]
INFO: [ app_begin ] --START--
INFO: Run Behavior\ReadHtmlCacheBehavior [ RunTime:0.000529s ]
INFO: [ app_begin ] --END-- [ RunTime:0.000582s ]
SQL: SHOW COLUMNS FROM `item_info` [ RunTime:0.0022s ]
SQL: SHOW COLUMNS FROM `item_type` [ RunTime:0.0028s ]
SQL: SHOW COLUMNS FROM `sup_info` [ RunTime:0.0023s ]
SQL: SELECT * FROM `item_info` WHERE ( item_type=2 )  [ RunTime:0.0005s ]
SQL: SELECT * FROM `item_type`  [ RunTime:0.0002s ]
SQL: SELECT * FROM `sup_info`  [ RunTime:0.0001s ]
INFO: [ view_parse ] --START--
INFO: [ template_filter ] --START--
INFO: Run Behavior\ContentReplaceBehavior [ RunTime:0.000138s ]
INFO: [ template_filter ] --END-- [ RunTime:0.000189s ]
INFO: Run Behavior\ParseTemplateBehavior [ RunTime:0.013071s ]
INFO: [ view_parse ] --END-- [ RunTime:0.013122s ]
INFO: [ view_filter ] --START--
INFO: Run Behavior\WriteHtmlCacheBehavior [ RunTime:0.000329s ]
INFO: [ view_filter ] --END-- [ RunTime:0.000362s ]
INFO: [ app_end ] --START--
INFO: Run Behavior\ShowPageTraceBehavior [ RunTime:0.000600s ]
INFO: [ app_end ] --END-- [ RunTime:0.000647s ]

[ 2016-12-03T13:32:10+08:00 ] 127.0.0.1 /Branch/index.php/Home/Back/item/id/1.html
INFO: [ app_init ] --START--
INFO: Run Behavior\BuildLiteBehavior [ RunTime:0.000013s ]
INFO: [ app_init ] --END-- [ RunTime:0.000339s ]
INFO: [ app_begin ] --START--
INFO: Run Behavior\ReadHtmlCacheBehavior [ RunTime:0.000477s ]
INFO: [ app_begin ] --END-- [ RunTime:0.000516s ]
SQL: SHOW COLUMNS FROM `item_info` [ RunTime:0.0024s ]
SQL: SHOW COLUMNS FROM `item_type` [ RunTime:0.0022s ]
SQL: SHOW COLUMNS FROM `sup_info` [ RunTime:0.0021s ]
SQL: SELECT * FROM `item_info` WHERE ( item_type=1 )  [ RunTime:0.0005s ]
SQL: SELECT * FROM `item_type`  [ RunTime:0.0003s ]
SQL: SELECT `sup_name` FROM `sup_info` WHERE ( sup_no=1 ) LIMIT 1   [ RunTime:0.0001s ]
SQL: SELECT * FROM `sup_info`  [ RunTime:0.0001s ]
INFO: [ view_parse ] --START--
INFO: [ template_filter ] --START--
INFO: Run Behavior\ContentReplaceBehavior [ RunTime:0.000129s ]
INFO: [ template_filter ] --END-- [ RunTime:0.000174s ]
INFO: Run Behavior\ParseTemplateBehavior [ RunTime:0.012971s ]
INFO: [ view_parse ] --END-- [ RunTime:0.013018s ]
INFO: [ view_filter ] --START--
INFO: Run Behavior\WriteHtmlCacheBehavior [ RunTime:0.000327s ]
INFO: [ view_filter ] --END-- [ RunTime:0.000359s ]
INFO: [ app_end ] --START--
INFO: Run Behavior\ShowPageTraceBehavior [ RunTime:0.000682s ]
INFO: [ app_end ] --END-- [ RunTime:0.000742s ]

[ 2016-12-03T13:32:14+08:00 ] 127.0.0.1 /Branch/index.php/Home/Back/item/id/3.html
INFO: [ app_init ] --START--
INFO: Run Behavior\BuildLiteBehavior [ RunTime:0.000010s ]
INFO: [ app_init ] --END-- [ RunTime:0.000324s ]
INFO: [ app_begin ] --START--
INFO: Run Behavior\ReadHtmlCacheBehavior [ RunTime:0.000471s ]
INFO: [ app_begin ] --END-- [ RunTime:0.000509s ]
SQL: SHOW COLUMNS FROM `item_info` [ RunTime:0.0023s ]
SQL: SHOW COLUMNS FROM `item_type` [ RunTime:0.0020s ]
SQL: SHOW COLUMNS FROM `sup_info` [ RunTime:0.0032s ]
SQL: SELECT * FROM `item_info` WHERE ( item_type=3 )  [ RunTime:0.0005s ]
SQL: SELECT * FROM `item_type`  [ RunTime:0.0002s ]
SQL: SELECT * FROM `sup_info`  [ RunTime:0.0002s ]
INFO: [ view_parse ] --START--
INFO: [ template_filter ] --START--
INFO: Run Behavior\ContentReplaceBehavior [ RunTime:0.000135s ]
INFO: [ template_filter ] --END-- [ RunTime:0.000179s ]
INFO: Run Behavior\ParseTemplateBehavior [ RunTime:0.012576s ]
INFO: [ view_parse ] --END-- [ RunTime:0.012629s ]
INFO: [ view_filter ] --START--
INFO: Run Behavior\WriteHtmlCacheBehavior [ RunTime:0.000329s ]
INFO: [ view_filter ] --END-- [ RunTime:0.000362s ]
INFO: [ app_end ] --START--
INFO: Run Behavior\ShowPageTraceBehavior [ RunTime:0.000614s ]
INFO: [ app_end ] --END-- [ RunTime:0.000660s ]

[ 2016-12-03T13:32:43+08:00 ] 127.0.0.1 /Branch/index.php/Home/Back/item/id/3.html
INFO: [ app_init ] --START--
INFO: Run Behavior\BuildLiteBehavior [ RunTime:0.000012s ]
INFO: [ app_init ] --END-- [ RunTime:0.000359s ]
INFO: [ app_begin ] --START--
INFO: Run Behavior\ReadHtmlCacheBehavior [ RunTime:0.000559s ]
INFO: [ app_begin ] --END-- [ RunTime:0.000612s ]
SQL: SHOW COLUMNS FROM `item_info` [ RunTime:0.0022s ]
SQL: SHOW COLUMNS FROM `item_type` [ RunTime:0.0021s ]
SQL: SHOW COLUMNS FROM `sup_info` [ RunTime:0.0021s ]
SQL: SELECT * FROM `item_info` WHERE ( item_type=3 )  [ RunTime:0.0005s ]
SQL: SELECT * FROM `item_type`  [ RunTime:0.0002s ]
SQL: SELECT * FROM `sup_info`  [ RunTime:0.0001s ]
INFO: [ view_parse ] --START--
INFO: [ template_filter ] --START--
INFO: Run Behavior\ContentReplaceBehavior [ RunTime:0.000129s ]
INFO: [ template_filter ] --END-- [ RunTime:0.000174s ]
INFO: Run Behavior\ParseTemplateBehavior [ RunTime:0.013162s ]
INFO: [ view_parse ] --END-- [ RunTime:0.013211s ]
INFO: [ view_filter ] --START--
INFO: Run Behavior\WriteHtmlCacheBehavior [ RunTime:0.000333s ]
INFO: [ view_filter ] --END-- [ RunTime:0.000365s ]
INFO: [ app_end ] --START--
INFO: Run Behavior\ShowPageTraceBehavior [ RunTime:0.000555s ]
INFO: [ app_end ] --END-- [ RunTime:0.000593s ]

[ 2016-12-03T13:32:46+08:00 ] 127.0.0.1 /Branch/index.php/Home/Back/item.html
INFO: [ app_init ] --START--
INFO: Run Behavior\BuildLiteBehavior [ RunTime:0.000015s ]
INFO: [ app_init ] --END-- [ RunTime:0.000495s ]
INFO: [ app_begin ] --START--
INFO: Run Behavior\ReadHtmlCacheBehavior [ RunTime:0.000673s ]
INFO: [ app_begin ] --END-- [ RunTime:0.000739s ]
SQL: SHOW COLUMNS FROM `item_info` [ RunTime:0.0024s ]
SQL: SHOW COLUMNS FROM `item_type` [ RunTime:0.0021s ]
SQL: SHOW COLUMNS FROM `sup_info` [ RunTime:0.0021s ]
SQL: SELECT * FROM `item_info`  [ RunTime:0.0004s ]
SQL: SELECT * FROM `item_type`  [ RunTime:0.0002s ]
SQL: SELECT `sup_name` FROM `sup_info` WHERE ( sup_no=1 ) LIMIT 1   [ RunTime:0.0001s ]
SQL: SELECT * FROM `sup_info`  [ RunTime:0.0001s ]
INFO: [ view_parse ] --START--
INFO: [ template_filter ] --START--
INFO: Run Behavior\ContentReplaceBehavior [ RunTime:0.000127s ]
INFO: [ template_filter ] --END-- [ RunTime:0.000171s ]
INFO: Run Behavior\ParseTemplateBehavior [ RunTime:0.013549s ]
INFO: [ view_parse ] --END-- [ RunTime:0.013600s ]
INFO: [ view_filter ] --START--
INFO: Run Behavior\WriteHtmlCacheBehavior [ RunTime:0.000327s ]
INFO: [ view_filter ] --END-- [ RunTime:0.000359s ]
INFO: [ app_end ] --START--
INFO: Run Behavior\ShowPageTraceBehavior [ RunTime:0.000589s ]
INFO: [ app_end ] --END-- [ RunTime:0.000632s ]

[ 2016-12-03T13:32:47+08:00 ] 127.0.0.1 /Branch/index.php/Home/Back/item/id/1.html
INFO: [ app_init ] --START--
INFO: Run Behavior\BuildLiteBehavior [ RunTime:0.000013s ]
INFO: [ app_init ] --END-- [ RunTime:0.000357s ]
INFO: [ app_begin ] --START--
INFO: Run Behavior\ReadHtmlCacheBehavior [ RunTime:0.000506s ]
INFO: [ app_begin ] --END-- [ RunTime:0.000548s ]
SQL: SHOW COLUMNS FROM `item_info` [ RunTime:0.0026s ]
SQL: SHOW COLUMNS FROM `item_type` [ RunTime:0.0019s ]
SQL: SHOW COLUMNS FROM `sup_info` [ RunTime:0.0021s ]
SQL: SELECT * FROM `item_info` WHERE ( item_type=1 )  [ RunTime:0.0005s ]
SQL: SELECT * FROM `item_type`  [ RunTime:0.0003s ]
SQL: SELECT `sup_name` FROM `sup_info` WHERE ( sup_no=1 ) LIMIT 1   [ RunTime:0.0001s ]
SQL: SELECT * FROM `sup_info`  [ RunTime:0.0005s ]
INFO: [ view_parse ] --START--
INFO: [ template_filter ] --START--
INFO: Run Behavior\ContentReplaceBehavior [ RunTime:0.000134s ]
INFO: [ template_filter ] --END-- [ RunTime:0.000185s ]
INFO: Run Behavior\ParseTemplateBehavior [ RunTime:0.013479s ]
INFO: [ view_parse ] --END-- [ RunTime:0.013538s ]
INFO: [ view_filter ] --START--
INFO: Run Behavior\WriteHtmlCacheBehavior [ RunTime:0.000343s ]
INFO: [ view_filter ] --END-- [ RunTime:0.000377s ]
INFO: [ app_end ] --START--
INFO: Run Behavior\ShowPageTraceBehavior [ RunTime:0.000888s ]
INFO: [ app_end ] --END-- [ RunTime:0.000965s ]

[ 2016-12-03T13:32:48+08:00 ] 127.0.0.1 /Branch/index.php/Home/Back/item/id/2.html
INFO: [ app_init ] --START--
INFO: Run Behavior\BuildLiteBehavior [ RunTime:0.000011s ]
INFO: [ app_init ] --END-- [ RunTime:0.000348s ]
INFO: [ app_begin ] --START--
INFO: Run Behavior\ReadHtmlCacheBehavior [ RunTime:0.000476s ]
INFO: [ app_begin ] --END-- [ RunTime:0.000514s ]
SQL: SHOW COLUMNS FROM `item_info` [ RunTime:0.0032s ]
SQL: SHOW COLUMNS FROM `item_type` [ RunTime:0.0020s ]
SQL: SHOW COLUMNS FROM `sup_info` [ RunTime:0.0022s ]
SQL: SELECT * FROM `item_info` WHERE ( item_type=2 )  [ RunTime:0.0003s ]
SQL: SELECT * FROM `item_type`  [ RunTime:0.0001s ]
SQL: SELECT * FROM `sup_info`  [ RunTime:0.0002s ]
INFO: [ view_parse ] --START--
INFO: [ template_filter ] --START--
INFO: Run Behavior\ContentReplaceBehavior [ RunTime:0.000131s ]
INFO: [ template_filter ] --END-- [ RunTime:0.000175s ]
INFO: Run Behavior\ParseTemplateBehavior [ RunTime:0.012957s ]
INFO: [ view_parse ] --END-- [ RunTime:0.013003s ]
INFO: [ view_filter ] --START--
INFO: Run Behavior\WriteHtmlCacheBehavior [ RunTime:0.000329s ]
INFO: [ view_filter ] --END-- [ RunTime:0.000360s ]
INFO: [ app_end ] --START--
INFO: Run Behavior\ShowPageTraceBehavior [ RunTime:0.000607s ]
INFO: [ app_end ] --END-- [ RunTime:0.000657s ]

[ 2016-12-03T13:32:51+08:00 ] 127.0.0.1 /Branch/index.php/Home/Back/item/id/3.html
INFO: [ app_init ] --START--
INFO: Run Behavior\BuildLiteBehavior [ RunTime:0.000012s ]
INFO: [ app_init ] --END-- [ RunTime:0.000344s ]
INFO: [ app_begin ] --START--
INFO: Run Behavior\ReadHtmlCacheBehavior [ RunTime:0.000564s ]
INFO: [ app_begin ] --END-- [ RunTime:0.000625s ]
SQL: SHOW COLUMNS FROM `item_info` [ RunTime:0.0020s ]
SQL: SHOW COLUMNS FROM `item_type` [ RunTime:0.0023s ]
SQL: SHOW COLUMNS FROM `sup_info` [ RunTime:0.0034s ]
SQL: SELECT * FROM `item_info` WHERE ( item_type=3 )  [ RunTime:0.0004s ]
SQL: SELECT * FROM `item_type`  [ RunTime:0.0001s ]
SQL: SELECT * FROM `sup_info`  [ RunTime:0.0001s ]
INFO: [ view_parse ] --START--
INFO: [ template_filter ] --START--
INFO: Run Behavior\ContentReplaceBehavior [ RunTime:0.000143s ]
INFO: [ template_filter ] --END-- [ RunTime:0.000202s ]
INFO: Run Behavior\ParseTemplateBehavior [ RunTime:0.013515s ]
INFO: [ view_parse ] --END-- [ RunTime:0.013569s ]
INFO: [ view_filter ] --START--
INFO: Run Behavior\WriteHtmlCacheBehavior [ RunTime:0.000337s ]
INFO: [ view_filter ] --END-- [ RunTime:0.000370s ]
INFO: [ app_end ] --START--
INFO: Run Behavior\ShowPageTraceBehavior [ RunTime:0.000713s ]
INFO: [ app_end ] --END-- [ RunTime:0.000767s ]

[ 2016-12-03T13:32:52+08:00 ] 127.0.0.1 /Branch/index.php/Home/Back/item.html
INFO: [ app_init ] --START--
INFO: Run Behavior\BuildLiteBehavior [ RunTime:0.000017s ]
INFO: [ app_init ] --END-- [ RunTime:0.000434s ]
INFO: [ app_begin ] --START--
INFO: Run Behavior\ReadHtmlCacheBehavior [ RunTime:0.000487s ]
INFO: [ app_begin ] --END-- [ RunTime:0.000534s ]
SQL: SHOW COLUMNS FROM `item_info` [ RunTime:0.0022s ]
SQL: SHOW COLUMNS FROM `item_type` [ RunTime:0.0024s ]
SQL: SHOW COLUMNS FROM `sup_info` [ RunTime:0.0023s ]
SQL: SELECT * FROM `item_info`  [ RunTime:0.0004s ]
SQL: SELECT * FROM `item_type`  [ RunTime:0.0001s ]
SQL: SELECT `sup_name` FROM `sup_info` WHERE ( sup_no=1 ) LIMIT 1   [ RunTime:0.0001s ]
SQL: SELECT * FROM `sup_info`  [ RunTime:0.0001s ]
INFO: [ view_parse ] --START--
INFO: [ template_filter ] --START--
INFO: Run Behavior\ContentReplaceBehavior [ RunTime:0.000132s ]
INFO: [ template_filter ] --END-- [ RunTime:0.000183s ]
INFO: Run Behavior\ParseTemplateBehavior [ RunTime:0.013409s ]
INFO: [ view_parse ] --END-- [ RunTime:0.013461s ]
INFO: [ view_filter ] --START--
INFO: Run Behavior\WriteHtmlCacheBehavior [ RunTime:0.000318s ]
INFO: [ view_filter ] --END-- [ RunTime:0.000350s ]
INFO: [ app_end ] --START--
INFO: Run Behavior\ShowPageTraceBehavior [ RunTime:0.000662s ]
INFO: [ app_end ] --END-- [ RunTime:0.000717s ]

